<?xml version="1.0" encoding="UTF-8"?>
<testsuite xmlns:xsi="http://www.w3.org/2001/XMLSchema-instance" xsi:noNamespaceSchemaLocation="https://maven.apache.org/surefire/maven-surefire-plugin/xsd/surefire-test-report-3.0.xsd" version="3.0" name="com.zorlu.cloud.sdk.abap.HelloWorldServletTest" time="6.972" tests="1" errors="0" skipped="0" failures="0">
  <properties>
    <property name="sun.desktop" value="gnome"/>
    <property name="awt.toolkit" value="sun.awt.X11.XToolkit"/>
    <property name="java.specification.version" value="11"/>
    <property name="sun.cpu.isalist" value=""/>
    <property name="sun.jnu.encoding" value="UTF-8"/>
    <property name="java.class.path" value="/home/serkanaksut/git/abapbuildcld/integration-tests/target/test-classes:/home/serkanaksut/git/abapbuildcld/integration-tests/target/classes:/home/serkanaksut/git/abapbuildcld/application/target/abapbuildcld-application-classes.jar:/home/serkanaksut/.m2/repository/com/sap/cloud/sdk/cloudplatform/security-servlet/3.35.0/security-servlet-3.35.0.jar:/home/serkanaksut/.m2/repository/com/sap/cloud/sdk/cloudplatform/scp-cf/3.35.0/scp-cf-3.35.0.jar:/home/serkanaksut/.m2/repository/com/sap/cloud/sdk/cloudplatform/auditlog-scp-cf/3.35.0/auditlog-scp-cf-3.35.0.jar:/home/serkanaksut/.m2/repository/com/sap/cloud/sdk/cloudplatform/caching/3.35.0/caching-3.35.0.jar:/home/serkanaksut/.m2/repository/com/github/ben-manes/caffeine/caffeine/2.8.6/caffeine-2.8.6.jar:/home/serkanaksut/.m2/repository/com/sap/cloud/sdk/cloudplatform/cloudplatform-core-scp-cf/3.35.0/cloudplatform-core-scp-cf-3.35.0.jar:/home/serkanaksut/.m2/repository/com/google/code/gson/gson/2.8.6/gson-2.8.6.jar:/home/serkanaksut/.m2/repository/com/auth0/java-jwt/3.11.0/java-jwt-3.11.0.jar:/home/serkanaksut/.m2/repository/com/sap/cloud/sdk/cloudplatform/cloudplatform-connectivity-scp-cf/3.35.0/cloudplatform-connectivity-scp-cf-3.35.0.jar:/home/serkanaksut/.m2/repository/com/sap/cloud/sdk/cloudplatform/cloudplatform-connectivity-scp/3.35.0/cloudplatform-connectivity-scp-3.35.0.jar:/home/serkanaksut/.m2/repository/com/sap/cloud/sdk/cloudplatform/resilience/3.35.0/resilience-3.35.0.jar:/home/serkanaksut/.m2/repository/com/sap/cloud/sdk/frameworks/resilience4j/3.35.0/resilience4j-3.35.0.jar:/home/serkanaksut/.m2/repository/io/github/resilience4j/resilience4j-circuitbreaker/1.6.1/resilience4j-circuitbreaker-1.6.1.jar:/home/serkanaksut/.m2/repository/io/github/resilience4j/resilience4j-core/1.6.1/resilience4j-core-1.6.1.jar:/home/serkanaksut/.m2/repository/io/github/resilience4j/resilience4j-bulkhead/1.6.1/resilience4j-bulkhead-1.6.1.jar:/home/serkanaksut/.m2/repository/io/github/resilience4j/resilience4j-timelimiter/1.6.1/resilience4j-timelimiter-1.6.1.jar:/home/serkanaksut/.m2/repository/io/github/resilience4j/resilience4j-cache/1.6.1/resilience4j-cache-1.6.1.jar:/home/serkanaksut/.m2/repository/javax/cache/cache-api/1.1.1/cache-api-1.1.1.jar:/home/serkanaksut/.m2/repository/io/github/resilience4j/resilience4j-retry/1.6.1/resilience4j-retry-1.6.1.jar:/home/serkanaksut/.m2/repository/com/sap/cloud/security/xsuaa/token-client/2.8.0/token-client-2.8.0.jar:/home/serkanaksut/.m2/repository/com/sap/cloud/security/xsuaa/api/2.8.0/api-2.8.0.jar:/home/serkanaksut/.m2/repository/commons-io/commons-io/2.8.0/commons-io-2.8.0.jar:/home/serkanaksut/.m2/repository/org/apache/commons/commons-lang3/3.11/commons-lang3-3.11.jar:/home/serkanaksut/.m2/repository/com/sap/cloud/sdk/cloudplatform/security-scp-cf/3.35.0/security-scp-cf-3.35.0.jar:/home/serkanaksut/.m2/repository/com/sap/cloud/security/java-security/2.8.0/java-security-2.8.0.jar:/home/serkanaksut/.m2/repository/com/sap/cloud/security/java-api/2.8.0/java-api-2.8.0.jar:/home/serkanaksut/.m2/repository/com/sap/cloud/sdk/cloudplatform/servlet/3.35.0/servlet-3.35.0.jar:/home/serkanaksut/.m2/repository/com/sap/cloud/sdk/cloudplatform/tenant-scp-cf/3.35.0/tenant-scp-cf-3.35.0.jar:/home/serkanaksut/.m2/repository/com/sap/cloud/sdk/cloudplatform/metering/3.35.0/metering-3.35.0.jar:/home/serkanaksut/.m2/repository/com/sap/cloud/sdk/s4hana/s4hana-all/3.35.0/s4hana-all-3.35.0.jar:/home/serkanaksut/.m2/repository/com/sap/cloud/sdk/s4hana/s4hana-core/3.35.0/s4hana-core-3.35.0.jar:/home/serkanaksut/.m2/repository/com/sap/cloud/sdk/datamodel/fluent-result/3.35.0/fluent-result-3.35.0.jar:/home/serkanaksut/.m2/repository/com/sap/cloud/sdk/s4hana/s4hana-connectivity/3.35.0/s4hana-connectivity-3.35.0.jar:/home/serkanaksut/.m2/repository/com/sap/cloud/sdk/datamodel/odata-core/3.35.0/odata-core-3.35.0.jar:/home/serkanaksut/.m2/repository/com/sap/cloud/sdk/datamodel/odata-client/3.35.0/odata-client-3.35.0.jar:/home/serkanaksut/.m2/repository/com/sap/cloud/servicesdk/odata-v2-lib/1.40.11/odata-v2-lib-1.40.11.jar:/home/serkanaksut/.m2/repository/com/sap/cloud/servicesdk/developer_license/1.40.11/developer_license-1.40.11.jar:/home/serkanaksut/.m2/repository/org/jsoup/jsoup/1.13.1/jsoup-1.13.1.jar:/home/serkanaksut/.m2/repository/org/apache/commons/commons-text/1.9/commons-text-1.9.jar:/home/serkanaksut/.m2/repository/com/fasterxml/jackson/core/jackson-core/2.11.3/jackson-core-2.11.3.jar:/home/serkanaksut/.m2/repository/joda-time/joda-time/2.10.8/joda-time-2.10.8.jar:/home/serkanaksut/.m2/repository/com/sap/cloud/sdk/s4hana/s4hana-api-odata/3.35.0/s4hana-api-odata-3.35.0.jar:/home/serkanaksut/.m2/repository/com/sap/cloud/sdk/datamodel/soap/3.35.0/soap-3.35.0.jar:/home/serkanaksut/.m2/repository/org/apache/axis2/axis2-adb/1.7.9/axis2-adb-1.7.9.jar:/home/serkanaksut/.m2/repository/org/apache/ws/commons/axiom/axiom-dom/1.2.21/axiom-dom-1.2.21.jar:/home/serkanaksut/.m2/repository/org/codehaus/woodstox/woodstox-core-asl/4.2.0/woodstox-core-asl-4.2.0.jar:/home/serkanaksut/.m2/repository/org/codehaus/woodstox/stax2-api/3.1.1/stax2-api-3.1.1.jar:/home/serkanaksut/.m2/repository/org/apache/axis2/axis2-transport-http/1.7.9/axis2-transport-http-1.7.9.jar:/home/serkanaksut/.m2/repository/org/apache/axis2/axis2-kernel/1.7.9/axis2-kernel-1.7.9.jar:/home/serkanaksut/.m2/repository/org/apache/ws/commons/axiom/axiom-api/1.2.21/axiom-api-1.2.21.jar:/home/serkanaksut/.m2/repository/org/apache/geronimo/specs/geronimo-activation_1.1_spec/1.1/geronimo-activation_1.1_spec-1.1.jar:/home/serkanaksut/.m2/repository/jaxen/jaxen/1.1.6/jaxen-1.1.6.jar:/home/serkanaksut/.m2/repository/org/apache/geronimo/specs/geronimo-stax-api_1.0_spec/1.0.1/geronimo-stax-api_1.0_spec-1.0.1.jar:/home/serkanaksut/.m2/repository/org/apache/james/apache-mime4j-core/0.7.2/apache-mime4j-core-0.7.2.jar:/home/serkanaksut/.m2/repository/org/apache/ws/commons/axiom/axiom-impl/1.2.21/axiom-impl-1.2.21.jar:/home/serkanaksut/.m2/repository/org/apache/geronimo/specs/geronimo-ws-metadata_2.0_spec/1.1.2/geronimo-ws-metadata_2.0_spec-1.1.2.jar:/home/serkanaksut/.m2/repository/org/apache/geronimo/specs/geronimo-jta_1.1_spec/1.1/geronimo-jta_1.1_spec-1.1.jar:/home/serkanaksut/.m2/repository/wsdl4j/wsdl4j/1.6.2/wsdl4j-1.6.2.jar:/home/serkanaksut/.m2/repository/org/apache/ws/xmlschema/xmlschema-core/2.2.1/xmlschema-core-2.2.1.jar:/home/serkanaksut/.m2/repository/org/apache/neethi/neethi/3.0.3/neethi-3.0.3.jar:/home/serkanaksut/.m2/repository/org/apache/woden/woden-core/1.0M10/woden-core-1.0M10.jar:/home/serkanaksut/.m2/repository/org/apache/axis2/axis2-transport-local/1.7.9/axis2-transport-local-1.7.9.jar:/home/serkanaksut/.m2/repository/com/sap/cloud/sdk/s4hana/rfc/3.35.0/rfc-3.35.0.jar:/home/serkanaksut/.m2/repository/com/sap/cloud/sdk/quality/common/3.35.0/common-3.35.0.jar:/home/serkanaksut/.m2/repository/org/apache/commons/commons-csv/1.8/commons-csv-1.8.jar:/home/serkanaksut/.m2/repository/org/json/json/20201115/json-20201115.jar:/home/serkanaksut/.m2/repository/com/sap/cloud/servicesdk/odatav2-connectivity-sdk3/1.40.11/odatav2-connectivity-sdk3-1.40.11.jar:/home/serkanaksut/.m2/repository/com/sap/cloud/servicesdk/jacksonutil-sdk3/1.40.11/jacksonutil-sdk3-1.40.11.jar:/home/serkanaksut/.m2/repository/com/sap/cloud/servicesdk/prov/api/1.40.11/api-1.40.11.jar:/home/serkanaksut/.m2/repository/javax/transaction/javax.transaction-api/1.2/javax.transaction-api-1.2.jar:/home/serkanaksut/.m2/repository/com/sap/cds/cds4j-api/1.13.1/cds4j-api-1.13.1.jar:/home/serkanaksut/.m2/repository/com/sap/cloud/sdk/testutil/testutil-core/3.35.0/testutil-core-3.35.0.jar:/home/serkanaksut/.m2/repository/com/sap/cloud/sdk/cloudplatform/auditlog/3.35.0/auditlog-3.35.0.jar:/home/serkanaksut/.m2/repository/com/sap/cloud/sdk/cloudplatform/cloudplatform-core/3.35.0/cloudplatform-core-3.35.0.jar:/home/serkanaksut/.m2/repository/com/sap/cloud/sdk/cloudplatform/cloudplatform-connectivity/3.35.0/cloudplatform-connectivity-3.35.0.jar:/home/serkanaksut/.m2/repository/com/sap/cloud/sdk/cloudplatform/security/3.35.0/security-3.35.0.jar:/home/serkanaksut/.m2/repository/com/sap/cloud/sdk/cloudplatform/tenant/3.35.0/tenant-3.35.0.jar:/home/serkanaksut/.m2/repository/com/sap/cloud/sdk/testutil/testutil-resources/3.35.0/testutil-resources-3.35.0.jar:/home/serkanaksut/.m2/repository/com/google/code/findbugs/jsr305/3.0.2/jsr305-3.0.2.jar:/home/serkanaksut/.m2/repository/io/vavr/vavr/0.10.3/vavr-0.10.3.jar:/home/serkanaksut/.m2/repository/io/vavr/vavr-match/0.10.3/vavr-match-0.10.3.jar:/home/serkanaksut/.m2/repository/com/google/guava/guava/30.0-jre/guava-30.0-jre.jar:/home/serkanaksut/.m2/repository/com/google/guava/failureaccess/1.0.1/failureaccess-1.0.1.jar:/home/serkanaksut/.m2/repository/com/google/guava/listenablefuture/9999.0-empty-to-avoid-conflict-with-guava/listenablefuture-9999.0-empty-to-avoid-conflict-with-guava.jar:/home/serkanaksut/.m2/repository/com/google/j2objc/j2objc-annotations/1.3/j2objc-annotations-1.3.jar:/home/serkanaksut/.m2/repository/com/fasterxml/jackson/core/jackson-annotations/2.11.3/jackson-annotations-2.11.3.jar:/home/serkanaksut/.m2/repository/com/fasterxml/jackson/core/jackson-databind/2.11.3/jackson-databind-2.11.3.jar:/home/serkanaksut/.m2/repository/com/fasterxml/jackson/dataformat/jackson-dataformat-yaml/2.11.3/jackson-dataformat-yaml-2.11.3.jar:/home/serkanaksut/.m2/repository/org/yaml/snakeyaml/1.26/snakeyaml-1.26.jar:/home/serkanaksut/.m2/repository/com/mikesamuel/json-sanitizer/1.2.1/json-sanitizer-1.2.1.jar:/home/serkanaksut/.m2/repository/com/google/errorprone/error_prone_annotations/2.4.0/error_prone_annotations-2.4.0.jar:/home/serkanaksut/.m2/repository/org/assertj/assertj-core/3.18.1/assertj-core-3.18.1.jar:/home/serkanaksut/.m2/repository/org/mockito/mockito-core/3.6.28/mockito-core-3.6.28.jar:/home/serkanaksut/.m2/repository/net/bytebuddy/byte-buddy/1.10.18/byte-buddy-1.10.18.jar:/home/serkanaksut/.m2/repository/net/bytebuddy/byte-buddy-agent/1.10.18/byte-buddy-agent-1.10.18.jar:/home/serkanaksut/.m2/repository/org/objenesis/objenesis/3.1/objenesis-3.1.jar:/home/serkanaksut/.m2/repository/com/github/tomakehurst/wiremock/2.27.2/wiremock-2.27.2.jar:/home/serkanaksut/.m2/repository/org/eclipse/jetty/jetty-server/9.4.35.v20201120/jetty-server-9.4.35.v20201120.jar:/home/serkanaksut/.m2/repository/javax/servlet/javax.servlet-api/4.0.1/javax.servlet-api-4.0.1.jar:/home/serkanaksut/.m2/repository/org/eclipse/jetty/jetty-http/9.4.35.v20201120/jetty-http-9.4.35.v20201120.jar:/home/serkanaksut/.m2/repository/org/eclipse/jetty/jetty-io/9.4.35.v20201120/jetty-io-9.4.35.v20201120.jar:/home/serkanaksut/.m2/repository/org/eclipse/jetty/jetty-servlet/9.4.35.v20201120/jetty-servlet-9.4.35.v20201120.jar:/home/serkanaksut/.m2/repository/org/eclipse/jetty/jetty-security/9.4.35.v20201120/jetty-security-9.4.35.v20201120.jar:/home/serkanaksut/.m2/repository/org/eclipse/jetty/jetty-util-ajax/9.4.35.v20201120/jetty-util-ajax-9.4.35.v20201120.jar:/home/serkanaksut/.m2/repository/org/eclipse/jetty/jetty-servlets/9.4.35.v20201120/jetty-servlets-9.4.35.v20201120.jar:/home/serkanaksut/.m2/repository/org/eclipse/jetty/jetty-continuation/9.4.35.v20201120/jetty-continuation-9.4.35.v20201120.jar:/home/serkanaksut/.m2/repository/org/eclipse/jetty/jetty-util/9.4.35.v20201120/jetty-util-9.4.35.v20201120.jar:/home/serkanaksut/.m2/repository/org/eclipse/jetty/jetty-webapp/9.4.35.v20201120/jetty-webapp-9.4.35.v20201120.jar:/home/serkanaksut/.m2/repository/org/eclipse/jetty/jetty-xml/9.4.35.v20201120/jetty-xml-9.4.35.v20201120.jar:/home/serkanaksut/.m2/repository/org/eclipse/jetty/jetty-proxy/9.4.35.v20201120/jetty-proxy-9.4.35.v20201120.jar:/home/serkanaksut/.m2/repository/org/eclipse/jetty/jetty-client/9.4.35.v20201120/jetty-client-9.4.35.v20201120.jar:/home/serkanaksut/.m2/repository/org/xmlunit/xmlunit-core/2.7.0/xmlunit-core-2.7.0.jar:/home/serkanaksut/.m2/repository/org/xmlunit/xmlunit-legacy/2.7.0/xmlunit-legacy-2.7.0.jar:/home/serkanaksut/.m2/repository/org/xmlunit/xmlunit-placeholders/2.7.0/xmlunit-placeholders-2.7.0.jar:/home/serkanaksut/.m2/repository/com/jayway/jsonpath/json-path/2.4.0/json-path-2.4.0.jar:/home/serkanaksut/.m2/repository/net/minidev/json-smart/2.3/json-smart-2.3.jar:/home/serkanaksut/.m2/repository/net/minidev/accessors-smart/1.2/accessors-smart-1.2.jar:/home/serkanaksut/.m2/repository/org/ow2/asm/asm/7.0/asm-7.0.jar:/home/serkanaksut/.m2/repository/net/sf/jopt-simple/jopt-simple/5.0.3/jopt-simple-5.0.3.jar:/home/serkanaksut/.m2/repository/com/github/jknack/handlebars/4.0.7/handlebars-4.0.7.jar:/home/serkanaksut/.m2/repository/org/antlr/antlr4-runtime/4.7.1/antlr4-runtime-4.7.1.jar:/home/serkanaksut/.m2/repository/com/github/jknack/handlebars-helpers/4.0.7/handlebars-helpers-4.0.7.jar:/home/serkanaksut/.m2/repository/com/flipkart/zjsonpatch/zjsonpatch/0.4.4/zjsonpatch-0.4.4.jar:/home/serkanaksut/.m2/repository/commons-fileupload/commons-fileupload/1.4/commons-fileupload-1.4.jar:/home/serkanaksut/.m2/repository/org/apache/httpcomponents/httpcore/4.4.14/httpcore-4.4.14.jar:/home/serkanaksut/.m2/repository/org/slf4j/slf4j-api/1.7.30/slf4j-api-1.7.30.jar:/home/serkanaksut/.m2/repository/org/slf4j/jcl-over-slf4j/1.7.30/jcl-over-slf4j-1.7.30.jar:/home/serkanaksut/.m2/repository/org/slf4j/slf4j-simple/1.7.30/slf4j-simple-1.7.30.jar:/home/serkanaksut/.m2/repository/junit/junit/4.13.1/junit-4.13.1.jar:/home/serkanaksut/.m2/repository/org/hamcrest/hamcrest-core/1.3/hamcrest-core-1.3.jar:/home/serkanaksut/.m2/repository/io/rest-assured/rest-assured/4.0.0/rest-assured-4.0.0.jar:/home/serkanaksut/.m2/repository/org/codehaus/groovy/groovy/2.5.6/groovy-2.5.6.jar:/home/serkanaksut/.m2/repository/org/codehaus/groovy/groovy-xml/2.5.6/groovy-xml-2.5.6.jar:/home/serkanaksut/.m2/repository/org/apache/httpcomponents/httpclient/4.5.13/httpclient-4.5.13.jar:/home/serkanaksut/.m2/repository/commons-codec/commons-codec/1.15/commons-codec-1.15.jar:/home/serkanaksut/.m2/repository/org/apache/httpcomponents/httpmime/4.5.3/httpmime-4.5.3.jar:/home/serkanaksut/.m2/repository/org/ccil/cowan/tagsoup/tagsoup/1.2.1/tagsoup-1.2.1.jar:/home/serkanaksut/.m2/repository/io/rest-assured/json-path/4.0.0/json-path-4.0.0.jar:/home/serkanaksut/.m2/repository/org/codehaus/groovy/groovy-json/2.5.6/groovy-json-2.5.6.jar:/home/serkanaksut/.m2/repository/io/rest-assured/rest-assured-common/4.0.0/rest-assured-common-4.0.0.jar:/home/serkanaksut/.m2/repository/io/rest-assured/xml-path/4.0.0/xml-path-4.0.0.jar:/home/serkanaksut/.m2/repository/javax/xml/bind/jaxb-api/2.2.12/jaxb-api-2.2.12.jar:/home/serkanaksut/.m2/repository/com/sun/xml/bind/jaxb-osgi/2.2.10/jaxb-osgi-2.2.10.jar:/home/serkanaksut/.m2/repository/org/apache/sling/org.apache.sling.javax.activation/0.1.0/org.apache.sling.javax.activation-0.1.0.jar:/home/serkanaksut/.m2/repository/javax/activation/activation/1.1.1/activation-1.1.1.jar:/home/serkanaksut/.m2/repository/org/apache/tomee/arquillian-tomee-embedded/7.0.7/arquillian-tomee-embedded-7.0.7.jar:/home/serkanaksut/.m2/repository/org/apache/tomee/arquillian-openejb-transaction-provider/7.0.7/arquillian-openejb-transaction-provider-7.0.7.jar:/home/serkanaksut/.m2/repository/org/jboss/arquillian/extension/arquillian-transaction-impl-base/1.0.1.Final/arquillian-transaction-impl-base-1.0.1.Final.jar:/home/serkanaksut/.m2/repository/org/jboss/arquillian/extension/arquillian-transaction-api/1.0.1.Final/arquillian-transaction-api-1.0.1.Final.jar:/home/serkanaksut/.m2/repository/org/jboss/arquillian/extension/arquillian-transaction-spi/1.0.1.Final/arquillian-transaction-spi-1.0.1.Final.jar:/home/serkanaksut/.m2/repository/org/jboss/arquillian/test/arquillian-test-spi/1.5.0.Final/arquillian-test-spi-1.5.0.Final.jar:/home/serkanaksut/.m2/repository/org/jboss/arquillian/core/arquillian-core-spi/1.5.0.Final/arquillian-core-spi-1.5.0.Final.jar:/home/serkanaksut/.m2/repository/org/jboss/arquillian/core/arquillian-core-api/1.5.0.Final/arquillian-core-api-1.5.0.Final.jar:/home/serkanaksut/.m2/repository/org/jboss/arquillian/container/arquillian-container-spi/1.5.0.Final/arquillian-container-spi-1.5.0.Final.jar:/home/serkanaksut/.m2/repository/org/jboss/arquillian/config/arquillian-config-api/1.5.0.Final/arquillian-config-api-1.5.0.Final.jar:/home/serkanaksut/.m2/repository/org/jboss/arquillian/config/arquillian-config-impl-base/1.5.0.Final/arquillian-config-impl-base-1.5.0.Final.jar:/home/serkanaksut/.m2/repository/org/jboss/arquillian/config/arquillian-config-spi/1.5.0.Final/arquillian-config-spi-1.5.0.Final.jar:/home/serkanaksut/.m2/repository/org/jboss/shrinkwrap/shrinkwrap-api/1.2.6/shrinkwrap-api-1.2.6.jar:/home/serkanaksut/.m2/repository/org/jboss/arquillian/container/arquillian-container-test-spi/1.5.0.Final/arquillian-container-test-spi-1.5.0.Final.jar:/home/serkanaksut/.m2/repository/org/jboss/arquillian/container/arquillian-container-test-api/1.5.0.Final/arquillian-container-test-api-1.5.0.Final.jar:/home/serkanaksut/.m2/repository/org/jboss/arquillian/junit/arquillian-junit-container/1.5.0.Final/arquillian-junit-container-1.5.0.Final.jar:/home/serkanaksut/.m2/repository/org/jboss/arquillian/junit/arquillian-junit-core/1.5.0.Final/arquillian-junit-core-1.5.0.Final.jar:/home/serkanaksut/.m2/repository/org/jboss/arquillian/test/arquillian-test-api/1.5.0.Final/arquillian-test-api-1.5.0.Final.jar:/home/serkanaksut/.m2/repository/org/jboss/arquillian/core/arquillian-core-impl-base/1.5.0.Final/arquillian-core-impl-base-1.5.0.Final.jar:/home/serkanaksut/.m2/repository/org/jboss/arquillian/test/arquillian-test-impl-base/1.5.0.Final/arquillian-test-impl-base-1.5.0.Final.jar:/home/serkanaksut/.m2/repository/org/jboss/arquillian/container/arquillian-container-impl-base/1.5.0.Final/arquillian-container-impl-base-1.5.0.Final.jar:/home/serkanaksut/.m2/repository/org/jboss/arquillian/container/arquillian-container-test-impl-base/1.5.0.Final/arquillian-container-test-impl-base-1.5.0.Final.jar:/home/serkanaksut/.m2/repository/org/jboss/shrinkwrap/shrinkwrap-impl-base/1.2.6/shrinkwrap-impl-base-1.2.6.jar:/home/serkanaksut/.m2/repository/org/jboss/shrinkwrap/shrinkwrap-spi/1.2.6/shrinkwrap-spi-1.2.6.jar:/home/serkanaksut/.m2/repository/org/apache/myfaces/core/myfaces-api/2.2.12/myfaces-api-2.2.12.jar:/home/serkanaksut/.m2/repository/org/apache/geronimo/specs/geronimo-atinject_1.0_spec/1.0/geronimo-atinject_1.0_spec-1.0.jar:/home/serkanaksut/.m2/repository/org/jboss/shrinkwrap/descriptors/shrinkwrap-descriptors-impl-javaee/2.0.0/shrinkwrap-descriptors-impl-javaee-2.0.0.jar:/home/serkanaksut/.m2/repository/org/jboss/shrinkwrap/descriptors/shrinkwrap-descriptors-impl-base/2.0.0/shrinkwrap-descriptors-impl-base-2.0.0.jar:/home/serkanaksut/.m2/repository/org/jboss/shrinkwrap/descriptors/shrinkwrap-descriptors-spi/2.0.0/shrinkwrap-descriptors-spi-2.0.0.jar:/home/serkanaksut/.m2/repository/org/jboss/shrinkwrap/descriptors/shrinkwrap-descriptors-api-javaee/2.0.0/shrinkwrap-descriptors-api-javaee-2.0.0.jar:/home/serkanaksut/.m2/repository/org/jboss/shrinkwrap/descriptors/shrinkwrap-descriptors-api-base/2.0.0/shrinkwrap-descriptors-api-base-2.0.0.jar:/home/serkanaksut/.m2/repository/org/apache/tomee/javaee-api/7.0-1/javaee-api-7.0-1.jar:/home/serkanaksut/.m2/repository/org/apache/tomee/arquillian-tomee-common/7.0.7/arquillian-tomee-common-7.0.7.jar:/home/serkanaksut/.m2/repository/org/apache/tomee/arquillian-common/7.0.7/arquillian-common-7.0.7.jar:/home/serkanaksut/.m2/repository/org/codehaus/swizzle/swizzle-stream/1.6.2/swizzle-stream-1.6.2.jar:/home/serkanaksut/.m2/repository/org/apache/tomee/tomee-embedded/7.0.7/tomee-embedded-7.0.7.jar:/home/serkanaksut/.m2/repository/org/apache/tomee/tomee-catalina/7.0.7/tomee-catalina-7.0.7.jar:/home/serkanaksut/.m2/repository/org/apache/tomee/tomee-jdbc/7.0.7/tomee-jdbc-7.0.7.jar:/home/serkanaksut/.m2/repository/org/apache/tomee/tomee-juli/7.0.7/tomee-juli-7.0.7.jar:/home/serkanaksut/.m2/repository/org/apache/tomee/tomee-util/7.0.7/tomee-util-7.0.7.jar:/home/serkanaksut/.m2/repository/org/apache/tomee/javaee-api/7.0-1/javaee-api-7.0-1-tomcat.jar:/home/serkanaksut/.m2/repository/org/apache/tomcat/tomcat-websocket-api/8.5.50/tomcat-websocket-api-8.5.50.jar:/home/serkanaksut/.m2/repository/org/apache/tomee/tomee-myfaces/7.0.7/tomee-myfaces-7.0.7.jar:/home/serkanaksut/.m2/repository/org/apache/openwebbeans/openwebbeans-jsf/1.7.6/openwebbeans-jsf-1.7.6.jar:/home/serkanaksut/.m2/repository/org/apache/openwebbeans/openwebbeans-impl/1.7.6/openwebbeans-impl-1.7.6.jar:/home/serkanaksut/.m2/repository/org/apache/openwebbeans/openwebbeans-web/1.7.6/openwebbeans-web-1.7.6.jar:/home/serkanaksut/.m2/repository/org/apache/openwebbeans/openwebbeans-el22/1.7.6/openwebbeans-el22-1.7.6.jar:/home/serkanaksut/.m2/repository/org/apache/tomee/openejb-core/7.0.7/openejb-core-7.0.7.jar:/home/serkanaksut/.m2/repository/org/apache/tomee/mbean-annotation-api/7.0.7/mbean-annotation-api-7.0.7.jar:/home/serkanaksut/.m2/repository/org/apache/tomee/openejb-jpa-integration/7.0.7/openejb-jpa-integration-7.0.7.jar:/home/serkanaksut/.m2/repository/org/apache/tomee/openejb-api/7.0.7/openejb-api-7.0.7.jar:/home/serkanaksut/.m2/repository/org/apache/tomee/openejb-loader/7.0.7/openejb-loader-7.0.7.jar:/home/serkanaksut/.m2/repository/org/apache/tomee/openejb-javaagent/7.0.7/openejb-javaagent-7.0.7.jar:/home/serkanaksut/.m2/repository/org/apache/tomee/openejb-jee/7.0.7/openejb-jee-7.0.7.jar:/home/serkanaksut/.m2/repository/org/apache/tomee/openejb-jee-accessors/7.0.7/openejb-jee-accessors-7.0.7.jar:/home/serkanaksut/.m2/repository/org/metatype/sxc/sxc-jaxb-core/0.8/sxc-jaxb-core-0.8.jar:/home/serkanaksut/.m2/repository/org/metatype/sxc/sxc-runtime/0.8/sxc-runtime-0.8.jar:/home/serkanaksut/.m2/repository/commons-cli/commons-cli/1.2/commons-cli-1.2.jar:/home/serkanaksut/.m2/repository/commons-collections/commons-collections/3.2.2/commons-collections-3.2.2.jar:/home/serkanaksut/.m2/repository/org/apache/activemq/activemq-ra/5.14.5/activemq-ra-5.14.5.jar:/home/serkanaksut/.m2/repository/org/apache/activemq/activemq-kahadb-store/5.14.5/activemq-kahadb-store-5.14.5.jar:/home/serkanaksut/.m2/repository/org/apache/activemq/protobuf/activemq-protobuf/1.1/activemq-protobuf-1.1.jar:/home/serkanaksut/.m2/repository/org/apache/activemq/activemq-broker/5.14.5/activemq-broker-5.14.5.jar:/home/serkanaksut/.m2/repository/org/apache/activemq/activemq-client/5.14.5/activemq-client-5.14.5.jar:/home/serkanaksut/.m2/repository/org/fusesource/hawtbuf/hawtbuf/1.11/hawtbuf-1.11.jar:/home/serkanaksut/.m2/repository/org/apache/activemq/activemq-openwire-legacy/5.14.5/activemq-openwire-legacy-5.14.5.jar:/home/serkanaksut/.m2/repository/org/apache/activemq/activemq-jdbc-store/5.14.5/activemq-jdbc-store-5.14.5.jar:/home/serkanaksut/.m2/repository/org/apache/geronimo/components/geronimo-connector/3.1.4/geronimo-connector-3.1.4.jar:/home/serkanaksut/.m2/repository/org/apache/geronimo/components/geronimo-transaction/3.1.4/geronimo-transaction-3.1.4.jar:/home/serkanaksut/.m2/repository/org/objectweb/howl/howl/1.0.1-1/howl-1.0.1-1.jar:/home/serkanaksut/.m2/repository/org/apache/geronimo/javamail/geronimo-javamail_1.4_mail/1.9.0-alpha-2/geronimo-javamail_1.4_mail-1.9.0-alpha-2.jar:/home/serkanaksut/.m2/repository/org/apache/xbean/xbean-asm7-shaded/4.14/xbean-asm7-shaded-4.14.jar:/home/serkanaksut/.m2/repository/org/apache/xbean/xbean-finder-shaded/4.14/xbean-finder-shaded-4.14.jar:/home/serkanaksut/.m2/repository/org/apache/xbean/xbean-reflect/4.14/xbean-reflect-4.14.jar:/home/serkanaksut/.m2/repository/org/apache/xbean/xbean-naming/4.14/xbean-naming-4.14.jar:/home/serkanaksut/.m2/repository/org/apache/xbean/xbean-bundleutils/4.14/xbean-bundleutils-4.14.jar:/home/serkanaksut/.m2/repository/org/hsqldb/hsqldb/2.3.2/hsqldb-2.3.2.jar:/home/serkanaksut/.m2/repository/org/apache/commons/commons-dbcp2/2.1/commons-dbcp2-2.1.jar:/home/serkanaksut/.m2/repository/org/apache/commons/commons-pool2/2.3/commons-pool2-2.3.jar:/home/serkanaksut/.m2/repository/org/apache/openejb/shade/quartz-openejb-shade/2.2.4/quartz-openejb-shade-2.2.4.jar:/home/serkanaksut/.m2/repository/org/apache/openwebbeans/openwebbeans-spi/1.7.6/openwebbeans-spi-1.7.6.jar:/home/serkanaksut/.m2/repository/org/apache/openwebbeans/openwebbeans-ejb/1.7.6/openwebbeans-ejb-1.7.6.jar:/home/serkanaksut/.m2/repository/org/apache/openwebbeans/openwebbeans-ee/1.7.6/openwebbeans-ee-1.7.6.jar:/home/serkanaksut/.m2/repository/org/apache/openwebbeans/openwebbeans-ee-common/1.7.6/openwebbeans-ee-common-1.7.6.jar:/home/serkanaksut/.m2/repository/org/apache/openjpa/openjpa/2.4.3/openjpa-2.4.3.jar:/home/serkanaksut/.m2/repository/net/sourceforge/serp/serp/1.15.1/serp-1.15.1.jar:/home/serkanaksut/.m2/repository/org/apache/xbean/xbean-asm6-shaded/4.8/xbean-asm6-shaded-4.8.jar:/home/serkanaksut/.m2/repository/org/apache/bval/bval-core/1.1.2/bval-core-1.1.2.jar:/home/serkanaksut/.m2/repository/org/apache/bval/bval-jsr/1.1.2/bval-jsr-1.1.2.jar:/home/serkanaksut/.m2/repository/org/apache/myfaces/core/myfaces-impl/2.2.12/myfaces-impl-2.2.12.jar:/home/serkanaksut/.m2/repository/commons-digester/commons-digester/1.8/commons-digester-1.8.jar:/home/serkanaksut/.m2/repository/commons-beanutils/commons-beanutils/1.8.3/commons-beanutils-1.8.3.jar:/home/serkanaksut/.m2/repository/org/apache/taglibs/taglibs-standard-jstlel/1.2.5/taglibs-standard-jstlel-1.2.5.jar:/home/serkanaksut/.m2/repository/org/apache/taglibs/taglibs-standard-spec/1.2.5/taglibs-standard-spec-1.2.5.jar:/home/serkanaksut/.m2/repository/org/apache/taglibs/taglibs-standard-impl/1.2.5/taglibs-standard-impl-1.2.5.jar:/home/serkanaksut/.m2/repository/org/apache/tomcat/tomcat-jdbc/8.5.50/tomcat-jdbc-8.5.50.jar:/home/serkanaksut/.m2/repository/org/apache/tomcat/tomcat-dbcp/8.5.50/tomcat-dbcp-8.5.50.jar:/home/serkanaksut/.m2/repository/org/apache/tomcat/tomcat-catalina/8.5.50/tomcat-catalina-8.5.50.jar:/home/serkanaksut/.m2/repository/org/apache/tomcat/tomcat-servlet-api/8.5.50/tomcat-servlet-api-8.5.50.jar:/home/serkanaksut/.m2/repository/org/apache/tomcat/tomcat-jsp-api/8.5.50/tomcat-jsp-api-8.5.50.jar:/home/serkanaksut/.m2/repository/org/apache/tomcat/tomcat-api/8.5.50/tomcat-api-8.5.50.jar:/home/serkanaksut/.m2/repository/org/apache/tomcat/tomcat-jni/8.5.50/tomcat-jni-8.5.50.jar:/home/serkanaksut/.m2/repository/org/apache/tomcat/tomcat-util/8.5.50/tomcat-util-8.5.50.jar:/home/serkanaksut/.m2/repository/org/apache/tomcat/tomcat-util-scan/8.5.50/tomcat-util-scan-8.5.50.jar:/home/serkanaksut/.m2/repository/org/apache/tomcat/tomcat-jaspic-api/8.5.50/tomcat-jaspic-api-8.5.50.jar:/home/serkanaksut/.m2/repository/org/apache/tomcat/tomcat-catalina-ha/8.5.50/tomcat-catalina-ha-8.5.50.jar:/home/serkanaksut/.m2/repository/org/apache/tomcat/tomcat-tribes/8.5.50/tomcat-tribes-8.5.50.jar:/home/serkanaksut/.m2/repository/org/apache/tomcat/tomcat-coyote/8.5.50/tomcat-coyote-8.5.50.jar:/home/serkanaksut/.m2/repository/org/apache/tomcat/tomcat-jasper/8.5.50/tomcat-jasper-8.5.50.jar:/home/serkanaksut/.m2/repository/org/apache/tomcat/tomcat-el-api/8.5.50/tomcat-el-api-8.5.50.jar:/home/serkanaksut/.m2/repository/org/eclipse/jdt/ecj/3.12.3/ecj-3.12.3.jar:/home/serkanaksut/.m2/repository/org/apache/tomcat/tomcat-jasper-el/8.5.50/tomcat-jasper-el-8.5.50.jar:/home/serkanaksut/.m2/repository/org/eclipse/jdt/core/compiler/ecj/4.4/ecj-4.4.jar:/home/serkanaksut/.m2/repository/org/apache/velocity/velocity/1.6.4/velocity-1.6.4.jar:/home/serkanaksut/.m2/repository/commons-lang/commons-lang/2.4/commons-lang-2.4.jar:/home/serkanaksut/.m2/repository/oro/oro/2.0.8/oro-2.0.8.jar:/home/serkanaksut/.m2/repository/org/apache/tomee/openejb-client/7.0.7/openejb-client-7.0.7.jar:/home/serkanaksut/.m2/repository/com/sun/xml/bind/jaxb-impl/2.3.0/jaxb-impl-2.3.0.jar:/home/serkanaksut/.m2/repository/com/sun/xml/bind/jaxb-core/2.3.0/jaxb-core-2.3.0.jar:/home/serkanaksut/.m2/repository/org/apache/tomee/tomee-webservices/7.0.7/tomee-webservices-7.0.7.jar:/home/serkanaksut/.m2/repository/org/apache/tomee/openejb-webservices/7.0.7/openejb-webservices-7.0.7.jar:/home/serkanaksut/.m2/repository/org/apache/tomee/openejb-cxf/7.0.7/openejb-cxf-7.0.7.jar:/home/serkanaksut/.m2/repository/org/apache/wss4j/wss4j-ws-security-dom/2.1.9/wss4j-ws-security-dom-2.1.9.jar:/home/serkanaksut/.m2/repository/org/apache/wss4j/wss4j-ws-security-common/2.1.9/wss4j-ws-security-common-2.1.9.jar:/home/serkanaksut/.m2/repository/org/apache/santuario/xmlsec/2.0.8/xmlsec-2.0.8.jar:/home/serkanaksut/.m2/repository/org/opensaml/opensaml-saml-impl/3.1.1/opensaml-saml-impl-3.1.1.jar:/home/serkanaksut/.m2/repository/org/opensaml/opensaml-profile-api/3.1.1/opensaml-profile-api-3.1.1.jar:/home/serkanaksut/.m2/repository/org/opensaml/opensaml-core/3.1.1/opensaml-core-3.1.1.jar:/home/serkanaksut/.m2/repository/org/opensaml/opensaml-saml-api/3.1.1/opensaml-saml-api-3.1.1.jar:/home/serkanaksut/.m2/repository/org/opensaml/opensaml-xmlsec-api/3.1.1/opensaml-xmlsec-api-3.1.1.jar:/home/serkanaksut/.m2/repository/org/opensaml/opensaml-soap-api/3.1.1/opensaml-soap-api-3.1.1.jar:/home/serkanaksut/.m2/repository/org/opensaml/opensaml-security-impl/3.1.1/opensaml-security-impl-3.1.1.jar:/home/serkanaksut/.m2/repository/org/opensaml/opensaml-security-api/3.1.1/opensaml-security-api-3.1.1.jar:/home/serkanaksut/.m2/repository/org/cryptacular/cryptacular/1.0/cryptacular-1.0.jar:/home/serkanaksut/.m2/repository/org/opensaml/opensaml-xmlsec-impl/3.1.1/opensaml-xmlsec-impl-3.1.1.jar:/home/serkanaksut/.m2/repository/net/shibboleth/utilities/java-support/7.1.1/java-support-7.1.1.jar:/home/serkanaksut/.m2/repository/org/opensaml/opensaml-xacml-impl/3.1.1/opensaml-xacml-impl-3.1.1.jar:/home/serkanaksut/.m2/repository/org/opensaml/opensaml-xacml-api/3.1.1/opensaml-xacml-api-3.1.1.jar:/home/serkanaksut/.m2/repository/org/opensaml/opensaml-xacml-saml-impl/3.1.1/opensaml-xacml-saml-impl-3.1.1.jar:/home/serkanaksut/.m2/repository/org/opensaml/opensaml-xacml-saml-api/3.1.1/opensaml-xacml-saml-api-3.1.1.jar:/home/serkanaksut/.m2/repository/org/jasypt/jasypt/1.9.2/jasypt-1.9.2.jar:/home/serkanaksut/.m2/repository/org/bouncycastle/bcprov-jdk15on/1.63/bcprov-jdk15on-1.63.jar:/home/serkanaksut/.m2/repository/org/apache/wss4j/wss4j-policy/2.1.9/wss4j-policy-2.1.9.jar:/home/serkanaksut/.m2/repository/org/apache/wss4j/wss4j-ws-security-stax/2.1.9/wss4j-ws-security-stax-2.1.9.jar:/home/serkanaksut/.m2/repository/org/apache/wss4j/wss4j-bindings/2.1.9/wss4j-bindings-2.1.9.jar:/home/serkanaksut/.m2/repository/org/apache/wss4j/wss4j-ws-security-policy-stax/2.1.9/wss4j-ws-security-policy-stax-2.1.9.jar:/home/serkanaksut/.m2/repository/org/apache/cxf/cxf-rt-frontend-jaxws/3.3.8/cxf-rt-frontend-jaxws-3.3.8.jar:/home/serkanaksut/.m2/repository/xml-resolver/xml-resolver/1.2/xml-resolver-1.2.jar:/home/serkanaksut/.m2/repository/org/apache/cxf/cxf-rt-bindings-soap/3.3.8/cxf-rt-bindings-soap-3.3.8.jar:/home/serkanaksut/.m2/repository/org/apache/cxf/cxf-rt-wsdl/3.3.8/cxf-rt-wsdl-3.3.8.jar:/home/serkanaksut/.m2/repository/org/apache/cxf/cxf-rt-databinding-jaxb/3.3.8/cxf-rt-databinding-jaxb-3.3.8.jar:/home/serkanaksut/.m2/repository/org/apache/cxf/cxf-rt-bindings-xml/3.3.8/cxf-rt-bindings-xml-3.3.8.jar:/home/serkanaksut/.m2/repository/org/apache/cxf/cxf-rt-frontend-simple/3.3.8/cxf-rt-frontend-simple-3.3.8.jar:/home/serkanaksut/.m2/repository/org/apache/cxf/cxf-rt-ws-addr/3.3.8/cxf-rt-ws-addr-3.3.8.jar:/home/serkanaksut/.m2/repository/org/apache/cxf/cxf-rt-ws-policy/3.3.8/cxf-rt-ws-policy-3.3.8.jar:/home/serkanaksut/.m2/repository/org/apache/cxf/cxf-rt-ws-security/3.3.8/cxf-rt-ws-security-3.3.8.jar:/home/serkanaksut/.m2/repository/org/apache/cxf/cxf-rt-security-saml/3.3.8/cxf-rt-security-saml-3.3.8.jar:/home/serkanaksut/.m2/repository/org/apache/tomcat/tomcat-websocket/8.5.50/tomcat-websocket-8.5.50.jar:/home/serkanaksut/.m2/repository/org/apache/tomee/tomee-jaxrs/7.0.7/tomee-jaxrs-7.0.7.jar:/home/serkanaksut/.m2/repository/org/apache/tomee/tomee-loader/7.0.7/tomee-loader-7.0.7.jar:/home/serkanaksut/.m2/repository/org/apache/tomcat/tomcat-juli/8.5.50/tomcat-juli-8.5.50.jar:/home/serkanaksut/.m2/repository/org/apache/tomee/tomee-common/7.0.7/tomee-common-7.0.7.jar:/home/serkanaksut/.m2/repository/org/apache/tomee/openejb-rest/7.0.7/openejb-rest-7.0.7.jar:/home/serkanaksut/.m2/repository/org/apache/tomee/openejb-cxf-rs/7.0.7/openejb-cxf-rs-7.0.7.jar:/home/serkanaksut/.m2/repository/org/apache/tomee/openejb-cxf-transport/7.0.7/openejb-cxf-transport-7.0.7.jar:/home/serkanaksut/.m2/repository/org/apache/cxf/cxf-rt-transports-http/3.3.8/cxf-rt-transports-http-3.3.8.jar:/home/serkanaksut/.m2/repository/org/apache/cxf/cxf-rt-management/3.3.8/cxf-rt-management-3.3.8.jar:/home/serkanaksut/.m2/repository/org/apache/cxf/cxf-rt-rs-service-description/3.1.18/cxf-rt-rs-service-description-3.1.18.jar:/home/serkanaksut/.m2/repository/org/apache/cxf/cxf-rt-rs-client/3.3.8/cxf-rt-rs-client-3.3.8.jar:/home/serkanaksut/.m2/repository/org/apache/cxf/cxf-core/3.3.8/cxf-core-3.3.8.jar:/home/serkanaksut/.m2/repository/org/glassfish/jaxb/jaxb-runtime/2.3.2/jaxb-runtime-2.3.2.jar:/home/serkanaksut/.m2/repository/org/glassfish/jaxb/txw2/2.3.2/txw2-2.3.2.jar:/home/serkanaksut/.m2/repository/com/sun/istack/istack-commons-runtime/3.0.8/istack-commons-runtime-3.0.8.jar:/home/serkanaksut/.m2/repository/com/sun/xml/fastinfoset/FastInfoset/1.2.16/FastInfoset-1.2.16.jar:/home/serkanaksut/.m2/repository/jakarta/activation/jakarta.activation-api/1.2.1/jakarta.activation-api-1.2.1.jar:/home/serkanaksut/.m2/repository/com/fasterxml/woodstox/woodstox-core/5.0.3/woodstox-core-5.0.3.jar:/home/serkanaksut/.m2/repository/jakarta/xml/bind/jakarta.xml.bind-api/2.3.2/jakarta.xml.bind-api-2.3.2.jar:/home/serkanaksut/.m2/repository/javax/annotation/javax.annotation-api/1.3.2/javax.annotation-api-1.3.2.jar:/home/serkanaksut/.m2/repository/javax/xml/ws/jaxws-api/2.3.1/jaxws-api-2.3.1.jar:/home/serkanaksut/.m2/repository/javax/xml/soap/javax.xml.soap-api/1.4.0/javax.xml.soap-api-1.4.0.jar:/home/serkanaksut/.m2/repository/com/sun/activation/javax.activation/1.2.0/javax.activation-1.2.0.jar:/home/serkanaksut/.m2/repository/com/sun/xml/messaging/saaj/saaj-impl/1.4.0-b03/saaj-impl-1.4.0-b03.jar:/home/serkanaksut/.m2/repository/org/jvnet/mimepull/mimepull/1.9.7/mimepull-1.9.7.jar:/home/serkanaksut/.m2/repository/org/jvnet/staxex/stax-ex/1.7.8/stax-ex-1.7.8.jar:/home/serkanaksut/.m2/repository/org/jacorb/jacorb-omgapi/3.9/jacorb-omgapi-3.9.jar:/home/serkanaksut/.m2/repository/org/jboss/spec/javax/rmi/jboss-rmi-api_1.0_spec/1.0.6.Final/jboss-rmi-api_1.0_spec-1.0.6.Final.jar:/home/serkanaksut/.m2/repository/org/apache/cxf/cxf-rt-frontend-jaxrs/3.3.8/cxf-rt-frontend-jaxrs-3.3.8.jar:/home/serkanaksut/.m2/repository/jakarta/ws/rs/jakarta.ws.rs-api/2.1.5/jakarta.ws.rs-api-2.1.5.jar:/home/serkanaksut/.m2/repository/org/apache/cxf/cxf-rt-security/3.3.8/cxf-rt-security-3.3.8.jar:/home/serkanaksut/.m2/repository/org/apache/cxf/cxf-rt-rs-extension-search/3.3.8/cxf-rt-rs-extension-search-3.3.8.jar:/home/serkanaksut/.m2/repository/org/apache/cxf/cxf-rt-rs-security-cors/3.3.8/cxf-rt-rs-security-cors-3.3.8.jar:/home/serkanaksut/.m2/repository/org/apache/cxf/cxf-rt-rs-security-oauth2/3.3.8/cxf-rt-rs-security-oauth2-3.3.8.jar:/home/serkanaksut/.m2/repository/org/apache/cxf/cxf-rt-rs-security-jose-jaxrs/3.3.8/cxf-rt-rs-security-jose-jaxrs-3.3.8.jar:/home/serkanaksut/.m2/repository/org/apache/cxf/cxf-rt-rs-security-jose/3.3.8/cxf-rt-rs-security-jose-3.3.8.jar:/home/serkanaksut/.m2/repository/org/apache/cxf/cxf-rt-rs-json-basic/3.3.8/cxf-rt-rs-json-basic-3.3.8.jar:/home/serkanaksut/.m2/repository/org/apache/cxf/cxf-rt-rs-extension-providers/3.3.8/cxf-rt-rs-extension-providers-3.3.8.jar:/home/serkanaksut/.m2/repository/org/apache/johnzon/johnzon-jaxrs/1.0.2/johnzon-jaxrs-1.0.2.jar:/home/serkanaksut/.m2/repository/org/apache/johnzon/johnzon-mapper/1.0.2/johnzon-mapper-1.0.2.jar:/home/serkanaksut/.m2/repository/org/apache/johnzon/johnzon-core/1.0.2/johnzon-core-1.0.2.jar:/home/serkanaksut/.m2/repository/org/apache/tomee/openejb-server/7.0.7/openejb-server-7.0.7.jar:/home/serkanaksut/.m2/repository/org/apache/tomee/openejb-ejbd/7.0.7/openejb-ejbd-7.0.7.jar:/home/serkanaksut/.m2/repository/org/apache/tomee/openejb-http/7.0.7/openejb-http-7.0.7.jar:"/>
    <property name="java.vm.vendor" value="Ubuntu"/>
    <property name="sun.arch.data.model" value="64"/>
    <property name="java.vendor.url" value="https://ubuntu.com/"/>
    <property name="user.timezone" value=""/>
    <property name="java.vm.specification.version" value="11"/>
    <property name="os.name" value="Linux"/>
    <property name="sun.java.launcher" value="SUN_STANDARD"/>
    <property name="user.country" value="US"/>
    <property name="sun.boot.library.path" value="/usr/lib/jvm/java-11-openjdk-amd64/lib"/>
    <property name="sun.java.command" value="/home/serkanaksut/git/abapbuildcld/integration-tests/target/surefire/surefirebooter10341690449537749681.jar /home/serkanaksut/git/abapbuildcld/integration-tests/target/surefire 2021-09-02T18-09-45_640-jvmRun1 surefire10099680615831798196tmp surefire_19882251281928622423tmp"/>
    <property name="jdk.debug" value="release"/>
    <property name="surefire.test.class.path" value="/home/serkanaksut/git/abapbuildcld/integration-tests/target/test-classes:/home/serkanaksut/git/abapbuildcld/integration-tests/target/classes:/home/serkanaksut/git/abapbuildcld/application/target/abapbuildcld-application-classes.jar:/home/serkanaksut/.m2/repository/com/sap/cloud/sdk/cloudplatform/security-servlet/3.35.0/security-servlet-3.35.0.jar:/home/serkanaksut/.m2/repository/com/sap/cloud/sdk/cloudplatform/scp-cf/3.35.0/scp-cf-3.35.0.jar:/home/serkanaksut/.m2/repository/com/sap/cloud/sdk/cloudplatform/auditlog-scp-cf/3.35.0/auditlog-scp-cf-3.35.0.jar:/home/serkanaksut/.m2/repository/com/sap/cloud/sdk/cloudplatform/caching/3.35.0/caching-3.35.0.jar:/home/serkanaksut/.m2/repository/com/github/ben-manes/caffeine/caffeine/2.8.6/caffeine-2.8.6.jar:/home/serkanaksut/.m2/repository/com/sap/cloud/sdk/cloudplatform/cloudplatform-core-scp-cf/3.35.0/cloudplatform-core-scp-cf-3.35.0.jar:/home/serkanaksut/.m2/repository/com/google/code/gson/gson/2.8.6/gson-2.8.6.jar:/home/serkanaksut/.m2/repository/com/auth0/java-jwt/3.11.0/java-jwt-3.11.0.jar:/home/serkanaksut/.m2/repository/com/sap/cloud/sdk/cloudplatform/cloudplatform-connectivity-scp-cf/3.35.0/cloudplatform-connectivity-scp-cf-3.35.0.jar:/home/serkanaksut/.m2/repository/com/sap/cloud/sdk/cloudplatform/cloudplatform-connectivity-scp/3.35.0/cloudplatform-connectivity-scp-3.35.0.jar:/home/serkanaksut/.m2/repository/com/sap/cloud/sdk/cloudplatform/resilience/3.35.0/resilience-3.35.0.jar:/home/serkanaksut/.m2/repository/com/sap/cloud/sdk/frameworks/resilience4j/3.35.0/resilience4j-3.35.0.jar:/home/serkanaksut/.m2/repository/io/github/resilience4j/resilience4j-circuitbreaker/1.6.1/resilience4j-circuitbreaker-1.6.1.jar:/home/serkanaksut/.m2/repository/io/github/resilience4j/resilience4j-core/1.6.1/resilience4j-core-1.6.1.jar:/home/serkanaksut/.m2/repository/io/github/resilience4j/resilience4j-bulkhead/1.6.1/resilience4j-bulkhead-1.6.1.jar:/home/serkanaksut/.m2/repository/io/github/resilience4j/resilience4j-timelimiter/1.6.1/resilience4j-timelimiter-1.6.1.jar:/home/serkanaksut/.m2/repository/io/github/resilience4j/resilience4j-cache/1.6.1/resilience4j-cache-1.6.1.jar:/home/serkanaksut/.m2/repository/javax/cache/cache-api/1.1.1/cache-api-1.1.1.jar:/home/serkanaksut/.m2/repository/io/github/resilience4j/resilience4j-retry/1.6.1/resilience4j-retry-1.6.1.jar:/home/serkanaksut/.m2/repository/com/sap/cloud/security/xsuaa/token-client/2.8.0/token-client-2.8.0.jar:/home/serkanaksut/.m2/repository/com/sap/cloud/security/xsuaa/api/2.8.0/api-2.8.0.jar:/home/serkanaksut/.m2/repository/commons-io/commons-io/2.8.0/commons-io-2.8.0.jar:/home/serkanaksut/.m2/repository/org/apache/commons/commons-lang3/3.11/commons-lang3-3.11.jar:/home/serkanaksut/.m2/repository/com/sap/cloud/sdk/cloudplatform/security-scp-cf/3.35.0/security-scp-cf-3.35.0.jar:/home/serkanaksut/.m2/repository/com/sap/cloud/security/java-security/2.8.0/java-security-2.8.0.jar:/home/serkanaksut/.m2/repository/com/sap/cloud/security/java-api/2.8.0/java-api-2.8.0.jar:/home/serkanaksut/.m2/repository/com/sap/cloud/sdk/cloudplatform/servlet/3.35.0/servlet-3.35.0.jar:/home/serkanaksut/.m2/repository/com/sap/cloud/sdk/cloudplatform/tenant-scp-cf/3.35.0/tenant-scp-cf-3.35.0.jar:/home/serkanaksut/.m2/repository/com/sap/cloud/sdk/cloudplatform/metering/3.35.0/metering-3.35.0.jar:/home/serkanaksut/.m2/repository/com/sap/cloud/sdk/s4hana/s4hana-all/3.35.0/s4hana-all-3.35.0.jar:/home/serkanaksut/.m2/repository/com/sap/cloud/sdk/s4hana/s4hana-core/3.35.0/s4hana-core-3.35.0.jar:/home/serkanaksut/.m2/repository/com/sap/cloud/sdk/datamodel/fluent-result/3.35.0/fluent-result-3.35.0.jar:/home/serkanaksut/.m2/repository/com/sap/cloud/sdk/s4hana/s4hana-connectivity/3.35.0/s4hana-connectivity-3.35.0.jar:/home/serkanaksut/.m2/repository/com/sap/cloud/sdk/datamodel/odata-core/3.35.0/odata-core-3.35.0.jar:/home/serkanaksut/.m2/repository/com/sap/cloud/sdk/datamodel/odata-client/3.35.0/odata-client-3.35.0.jar:/home/serkanaksut/.m2/repository/com/sap/cloud/servicesdk/odata-v2-lib/1.40.11/odata-v2-lib-1.40.11.jar:/home/serkanaksut/.m2/repository/com/sap/cloud/servicesdk/developer_license/1.40.11/developer_license-1.40.11.jar:/home/serkanaksut/.m2/repository/org/jsoup/jsoup/1.13.1/jsoup-1.13.1.jar:/home/serkanaksut/.m2/repository/org/apache/commons/commons-text/1.9/commons-text-1.9.jar:/home/serkanaksut/.m2/repository/com/fasterxml/jackson/core/jackson-core/2.11.3/jackson-core-2.11.3.jar:/home/serkanaksut/.m2/repository/joda-time/joda-time/2.10.8/joda-time-2.10.8.jar:/home/serkanaksut/.m2/repository/com/sap/cloud/sdk/s4hana/s4hana-api-odata/3.35.0/s4hana-api-odata-3.35.0.jar:/home/serkanaksut/.m2/repository/com/sap/cloud/sdk/datamodel/soap/3.35.0/soap-3.35.0.jar:/home/serkanaksut/.m2/repository/org/apache/axis2/axis2-adb/1.7.9/axis2-adb-1.7.9.jar:/home/serkanaksut/.m2/repository/org/apache/ws/commons/axiom/axiom-dom/1.2.21/axiom-dom-1.2.21.jar:/home/serkanaksut/.m2/repository/org/codehaus/woodstox/woodstox-core-asl/4.2.0/woodstox-core-asl-4.2.0.jar:/home/serkanaksut/.m2/repository/org/codehaus/woodstox/stax2-api/3.1.1/stax2-api-3.1.1.jar:/home/serkanaksut/.m2/repository/org/apache/axis2/axis2-transport-http/1.7.9/axis2-transport-http-1.7.9.jar:/home/serkanaksut/.m2/repository/org/apache/axis2/axis2-kernel/1.7.9/axis2-kernel-1.7.9.jar:/home/serkanaksut/.m2/repository/org/apache/ws/commons/axiom/axiom-api/1.2.21/axiom-api-1.2.21.jar:/home/serkanaksut/.m2/repository/org/apache/geronimo/specs/geronimo-activation_1.1_spec/1.1/geronimo-activation_1.1_spec-1.1.jar:/home/serkanaksut/.m2/repository/jaxen/jaxen/1.1.6/jaxen-1.1.6.jar:/home/serkanaksut/.m2/repository/org/apache/geronimo/specs/geronimo-stax-api_1.0_spec/1.0.1/geronimo-stax-api_1.0_spec-1.0.1.jar:/home/serkanaksut/.m2/repository/org/apache/james/apache-mime4j-core/0.7.2/apache-mime4j-core-0.7.2.jar:/home/serkanaksut/.m2/repository/org/apache/ws/commons/axiom/axiom-impl/1.2.21/axiom-impl-1.2.21.jar:/home/serkanaksut/.m2/repository/org/apache/geronimo/specs/geronimo-ws-metadata_2.0_spec/1.1.2/geronimo-ws-metadata_2.0_spec-1.1.2.jar:/home/serkanaksut/.m2/repository/org/apache/geronimo/specs/geronimo-jta_1.1_spec/1.1/geronimo-jta_1.1_spec-1.1.jar:/home/serkanaksut/.m2/repository/wsdl4j/wsdl4j/1.6.2/wsdl4j-1.6.2.jar:/home/serkanaksut/.m2/repository/org/apache/ws/xmlschema/xmlschema-core/2.2.1/xmlschema-core-2.2.1.jar:/home/serkanaksut/.m2/repository/org/apache/neethi/neethi/3.0.3/neethi-3.0.3.jar:/home/serkanaksut/.m2/repository/org/apache/woden/woden-core/1.0M10/woden-core-1.0M10.jar:/home/serkanaksut/.m2/repository/org/apache/axis2/axis2-transport-local/1.7.9/axis2-transport-local-1.7.9.jar:/home/serkanaksut/.m2/repository/com/sap/cloud/sdk/s4hana/rfc/3.35.0/rfc-3.35.0.jar:/home/serkanaksut/.m2/repository/com/sap/cloud/sdk/quality/common/3.35.0/common-3.35.0.jar:/home/serkanaksut/.m2/repository/org/apache/commons/commons-csv/1.8/commons-csv-1.8.jar:/home/serkanaksut/.m2/repository/org/json/json/20201115/json-20201115.jar:/home/serkanaksut/.m2/repository/com/sap/cloud/servicesdk/odatav2-connectivity-sdk3/1.40.11/odatav2-connectivity-sdk3-1.40.11.jar:/home/serkanaksut/.m2/repository/com/sap/cloud/servicesdk/jacksonutil-sdk3/1.40.11/jacksonutil-sdk3-1.40.11.jar:/home/serkanaksut/.m2/repository/com/sap/cloud/servicesdk/prov/api/1.40.11/api-1.40.11.jar:/home/serkanaksut/.m2/repository/javax/transaction/javax.transaction-api/1.2/javax.transaction-api-1.2.jar:/home/serkanaksut/.m2/repository/com/sap/cds/cds4j-api/1.13.1/cds4j-api-1.13.1.jar:/home/serkanaksut/.m2/repository/com/sap/cloud/sdk/testutil/testutil-core/3.35.0/testutil-core-3.35.0.jar:/home/serkanaksut/.m2/repository/com/sap/cloud/sdk/cloudplatform/auditlog/3.35.0/auditlog-3.35.0.jar:/home/serkanaksut/.m2/repository/com/sap/cloud/sdk/cloudplatform/cloudplatform-core/3.35.0/cloudplatform-core-3.35.0.jar:/home/serkanaksut/.m2/repository/com/sap/cloud/sdk/cloudplatform/cloudplatform-connectivity/3.35.0/cloudplatform-connectivity-3.35.0.jar:/home/serkanaksut/.m2/repository/com/sap/cloud/sdk/cloudplatform/security/3.35.0/security-3.35.0.jar:/home/serkanaksut/.m2/repository/com/sap/cloud/sdk/cloudplatform/tenant/3.35.0/tenant-3.35.0.jar:/home/serkanaksut/.m2/repository/com/sap/cloud/sdk/testutil/testutil-resources/3.35.0/testutil-resources-3.35.0.jar:/home/serkanaksut/.m2/repository/com/google/code/findbugs/jsr305/3.0.2/jsr305-3.0.2.jar:/home/serkanaksut/.m2/repository/io/vavr/vavr/0.10.3/vavr-0.10.3.jar:/home/serkanaksut/.m2/repository/io/vavr/vavr-match/0.10.3/vavr-match-0.10.3.jar:/home/serkanaksut/.m2/repository/com/google/guava/guava/30.0-jre/guava-30.0-jre.jar:/home/serkanaksut/.m2/repository/com/google/guava/failureaccess/1.0.1/failureaccess-1.0.1.jar:/home/serkanaksut/.m2/repository/com/google/guava/listenablefuture/9999.0-empty-to-avoid-conflict-with-guava/listenablefuture-9999.0-empty-to-avoid-conflict-with-guava.jar:/home/serkanaksut/.m2/repository/com/google/j2objc/j2objc-annotations/1.3/j2objc-annotations-1.3.jar:/home/serkanaksut/.m2/repository/com/fasterxml/jackson/core/jackson-annotations/2.11.3/jackson-annotations-2.11.3.jar:/home/serkanaksut/.m2/repository/com/fasterxml/jackson/core/jackson-databind/2.11.3/jackson-databind-2.11.3.jar:/home/serkanaksut/.m2/repository/com/fasterxml/jackson/dataformat/jackson-dataformat-yaml/2.11.3/jackson-dataformat-yaml-2.11.3.jar:/home/serkanaksut/.m2/repository/org/yaml/snakeyaml/1.26/snakeyaml-1.26.jar:/home/serkanaksut/.m2/repository/com/mikesamuel/json-sanitizer/1.2.1/json-sanitizer-1.2.1.jar:/home/serkanaksut/.m2/repository/com/google/errorprone/error_prone_annotations/2.4.0/error_prone_annotations-2.4.0.jar:/home/serkanaksut/.m2/repository/org/assertj/assertj-core/3.18.1/assertj-core-3.18.1.jar:/home/serkanaksut/.m2/repository/org/mockito/mockito-core/3.6.28/mockito-core-3.6.28.jar:/home/serkanaksut/.m2/repository/net/bytebuddy/byte-buddy/1.10.18/byte-buddy-1.10.18.jar:/home/serkanaksut/.m2/repository/net/bytebuddy/byte-buddy-agent/1.10.18/byte-buddy-agent-1.10.18.jar:/home/serkanaksut/.m2/repository/org/objenesis/objenesis/3.1/objenesis-3.1.jar:/home/serkanaksut/.m2/repository/com/github/tomakehurst/wiremock/2.27.2/wiremock-2.27.2.jar:/home/serkanaksut/.m2/repository/org/eclipse/jetty/jetty-server/9.4.35.v20201120/jetty-server-9.4.35.v20201120.jar:/home/serkanaksut/.m2/repository/javax/servlet/javax.servlet-api/4.0.1/javax.servlet-api-4.0.1.jar:/home/serkanaksut/.m2/repository/org/eclipse/jetty/jetty-http/9.4.35.v20201120/jetty-http-9.4.35.v20201120.jar:/home/serkanaksut/.m2/repository/org/eclipse/jetty/jetty-io/9.4.35.v20201120/jetty-io-9.4.35.v20201120.jar:/home/serkanaksut/.m2/repository/org/eclipse/jetty/jetty-servlet/9.4.35.v20201120/jetty-servlet-9.4.35.v20201120.jar:/home/serkanaksut/.m2/repository/org/eclipse/jetty/jetty-security/9.4.35.v20201120/jetty-security-9.4.35.v20201120.jar:/home/serkanaksut/.m2/repository/org/eclipse/jetty/jetty-util-ajax/9.4.35.v20201120/jetty-util-ajax-9.4.35.v20201120.jar:/home/serkanaksut/.m2/repository/org/eclipse/jetty/jetty-servlets/9.4.35.v20201120/jetty-servlets-9.4.35.v20201120.jar:/home/serkanaksut/.m2/repository/org/eclipse/jetty/jetty-continuation/9.4.35.v20201120/jetty-continuation-9.4.35.v20201120.jar:/home/serkanaksut/.m2/repository/org/eclipse/jetty/jetty-util/9.4.35.v20201120/jetty-util-9.4.35.v20201120.jar:/home/serkanaksut/.m2/repository/org/eclipse/jetty/jetty-webapp/9.4.35.v20201120/jetty-webapp-9.4.35.v20201120.jar:/home/serkanaksut/.m2/repository/org/eclipse/jetty/jetty-xml/9.4.35.v20201120/jetty-xml-9.4.35.v20201120.jar:/home/serkanaksut/.m2/repository/org/eclipse/jetty/jetty-proxy/9.4.35.v20201120/jetty-proxy-9.4.35.v20201120.jar:/home/serkanaksut/.m2/repository/org/eclipse/jetty/jetty-client/9.4.35.v20201120/jetty-client-9.4.35.v20201120.jar:/home/serkanaksut/.m2/repository/org/xmlunit/xmlunit-core/2.7.0/xmlunit-core-2.7.0.jar:/home/serkanaksut/.m2/repository/org/xmlunit/xmlunit-legacy/2.7.0/xmlunit-legacy-2.7.0.jar:/home/serkanaksut/.m2/repository/org/xmlunit/xmlunit-placeholders/2.7.0/xmlunit-placeholders-2.7.0.jar:/home/serkanaksut/.m2/repository/com/jayway/jsonpath/json-path/2.4.0/json-path-2.4.0.jar:/home/serkanaksut/.m2/repository/net/minidev/json-smart/2.3/json-smart-2.3.jar:/home/serkanaksut/.m2/repository/net/minidev/accessors-smart/1.2/accessors-smart-1.2.jar:/home/serkanaksut/.m2/repository/org/ow2/asm/asm/7.0/asm-7.0.jar:/home/serkanaksut/.m2/repository/net/sf/jopt-simple/jopt-simple/5.0.3/jopt-simple-5.0.3.jar:/home/serkanaksut/.m2/repository/com/github/jknack/handlebars/4.0.7/handlebars-4.0.7.jar:/home/serkanaksut/.m2/repository/org/antlr/antlr4-runtime/4.7.1/antlr4-runtime-4.7.1.jar:/home/serkanaksut/.m2/repository/com/github/jknack/handlebars-helpers/4.0.7/handlebars-helpers-4.0.7.jar:/home/serkanaksut/.m2/repository/com/flipkart/zjsonpatch/zjsonpatch/0.4.4/zjsonpatch-0.4.4.jar:/home/serkanaksut/.m2/repository/commons-fileupload/commons-fileupload/1.4/commons-fileupload-1.4.jar:/home/serkanaksut/.m2/repository/org/apache/httpcomponents/httpcore/4.4.14/httpcore-4.4.14.jar:/home/serkanaksut/.m2/repository/org/slf4j/slf4j-api/1.7.30/slf4j-api-1.7.30.jar:/home/serkanaksut/.m2/repository/org/slf4j/jcl-over-slf4j/1.7.30/jcl-over-slf4j-1.7.30.jar:/home/serkanaksut/.m2/repository/org/slf4j/slf4j-simple/1.7.30/slf4j-simple-1.7.30.jar:/home/serkanaksut/.m2/repository/junit/junit/4.13.1/junit-4.13.1.jar:/home/serkanaksut/.m2/repository/org/hamcrest/hamcrest-core/1.3/hamcrest-core-1.3.jar:/home/serkanaksut/.m2/repository/io/rest-assured/rest-assured/4.0.0/rest-assured-4.0.0.jar:/home/serkanaksut/.m2/repository/org/codehaus/groovy/groovy/2.5.6/groovy-2.5.6.jar:/home/serkanaksut/.m2/repository/org/codehaus/groovy/groovy-xml/2.5.6/groovy-xml-2.5.6.jar:/home/serkanaksut/.m2/repository/org/apache/httpcomponents/httpclient/4.5.13/httpclient-4.5.13.jar:/home/serkanaksut/.m2/repository/commons-codec/commons-codec/1.15/commons-codec-1.15.jar:/home/serkanaksut/.m2/repository/org/apache/httpcomponents/httpmime/4.5.3/httpmime-4.5.3.jar:/home/serkanaksut/.m2/repository/org/ccil/cowan/tagsoup/tagsoup/1.2.1/tagsoup-1.2.1.jar:/home/serkanaksut/.m2/repository/io/rest-assured/json-path/4.0.0/json-path-4.0.0.jar:/home/serkanaksut/.m2/repository/org/codehaus/groovy/groovy-json/2.5.6/groovy-json-2.5.6.jar:/home/serkanaksut/.m2/repository/io/rest-assured/rest-assured-common/4.0.0/rest-assured-common-4.0.0.jar:/home/serkanaksut/.m2/repository/io/rest-assured/xml-path/4.0.0/xml-path-4.0.0.jar:/home/serkanaksut/.m2/repository/javax/xml/bind/jaxb-api/2.2.12/jaxb-api-2.2.12.jar:/home/serkanaksut/.m2/repository/com/sun/xml/bind/jaxb-osgi/2.2.10/jaxb-osgi-2.2.10.jar:/home/serkanaksut/.m2/repository/org/apache/sling/org.apache.sling.javax.activation/0.1.0/org.apache.sling.javax.activation-0.1.0.jar:/home/serkanaksut/.m2/repository/javax/activation/activation/1.1.1/activation-1.1.1.jar:/home/serkanaksut/.m2/repository/org/apache/tomee/arquillian-tomee-embedded/7.0.7/arquillian-tomee-embedded-7.0.7.jar:/home/serkanaksut/.m2/repository/org/apache/tomee/arquillian-openejb-transaction-provider/7.0.7/arquillian-openejb-transaction-provider-7.0.7.jar:/home/serkanaksut/.m2/repository/org/jboss/arquillian/extension/arquillian-transaction-impl-base/1.0.1.Final/arquillian-transaction-impl-base-1.0.1.Final.jar:/home/serkanaksut/.m2/repository/org/jboss/arquillian/extension/arquillian-transaction-api/1.0.1.Final/arquillian-transaction-api-1.0.1.Final.jar:/home/serkanaksut/.m2/repository/org/jboss/arquillian/extension/arquillian-transaction-spi/1.0.1.Final/arquillian-transaction-spi-1.0.1.Final.jar:/home/serkanaksut/.m2/repository/org/jboss/arquillian/test/arquillian-test-spi/1.5.0.Final/arquillian-test-spi-1.5.0.Final.jar:/home/serkanaksut/.m2/repository/org/jboss/arquillian/core/arquillian-core-spi/1.5.0.Final/arquillian-core-spi-1.5.0.Final.jar:/home/serkanaksut/.m2/repository/org/jboss/arquillian/core/arquillian-core-api/1.5.0.Final/arquillian-core-api-1.5.0.Final.jar:/home/serkanaksut/.m2/repository/org/jboss/arquillian/container/arquillian-container-spi/1.5.0.Final/arquillian-container-spi-1.5.0.Final.jar:/home/serkanaksut/.m2/repository/org/jboss/arquillian/config/arquillian-config-api/1.5.0.Final/arquillian-config-api-1.5.0.Final.jar:/home/serkanaksut/.m2/repository/org/jboss/arquillian/config/arquillian-config-impl-base/1.5.0.Final/arquillian-config-impl-base-1.5.0.Final.jar:/home/serkanaksut/.m2/repository/org/jboss/arquillian/config/arquillian-config-spi/1.5.0.Final/arquillian-config-spi-1.5.0.Final.jar:/home/serkanaksut/.m2/repository/org/jboss/shrinkwrap/shrinkwrap-api/1.2.6/shrinkwrap-api-1.2.6.jar:/home/serkanaksut/.m2/repository/org/jboss/arquillian/container/arquillian-container-test-spi/1.5.0.Final/arquillian-container-test-spi-1.5.0.Final.jar:/home/serkanaksut/.m2/repository/org/jboss/arquillian/container/arquillian-container-test-api/1.5.0.Final/arquillian-container-test-api-1.5.0.Final.jar:/home/serkanaksut/.m2/repository/org/jboss/arquillian/junit/arquillian-junit-container/1.5.0.Final/arquillian-junit-container-1.5.0.Final.jar:/home/serkanaksut/.m2/repository/org/jboss/arquillian/junit/arquillian-junit-core/1.5.0.Final/arquillian-junit-core-1.5.0.Final.jar:/home/serkanaksut/.m2/repository/org/jboss/arquillian/test/arquillian-test-api/1.5.0.Final/arquillian-test-api-1.5.0.Final.jar:/home/serkanaksut/.m2/repository/org/jboss/arquillian/core/arquillian-core-impl-base/1.5.0.Final/arquillian-core-impl-base-1.5.0.Final.jar:/home/serkanaksut/.m2/repository/org/jboss/arquillian/test/arquillian-test-impl-base/1.5.0.Final/arquillian-test-impl-base-1.5.0.Final.jar:/home/serkanaksut/.m2/repository/org/jboss/arquillian/container/arquillian-container-impl-base/1.5.0.Final/arquillian-container-impl-base-1.5.0.Final.jar:/home/serkanaksut/.m2/repository/org/jboss/arquillian/container/arquillian-container-test-impl-base/1.5.0.Final/arquillian-container-test-impl-base-1.5.0.Final.jar:/home/serkanaksut/.m2/repository/org/jboss/shrinkwrap/shrinkwrap-impl-base/1.2.6/shrinkwrap-impl-base-1.2.6.jar:/home/serkanaksut/.m2/repository/org/jboss/shrinkwrap/shrinkwrap-spi/1.2.6/shrinkwrap-spi-1.2.6.jar:/home/serkanaksut/.m2/repository/org/apache/myfaces/core/myfaces-api/2.2.12/myfaces-api-2.2.12.jar:/home/serkanaksut/.m2/repository/org/apache/geronimo/specs/geronimo-atinject_1.0_spec/1.0/geronimo-atinject_1.0_spec-1.0.jar:/home/serkanaksut/.m2/repository/org/jboss/shrinkwrap/descriptors/shrinkwrap-descriptors-impl-javaee/2.0.0/shrinkwrap-descriptors-impl-javaee-2.0.0.jar:/home/serkanaksut/.m2/repository/org/jboss/shrinkwrap/descriptors/shrinkwrap-descriptors-impl-base/2.0.0/shrinkwrap-descriptors-impl-base-2.0.0.jar:/home/serkanaksut/.m2/repository/org/jboss/shrinkwrap/descriptors/shrinkwrap-descriptors-spi/2.0.0/shrinkwrap-descriptors-spi-2.0.0.jar:/home/serkanaksut/.m2/repository/org/jboss/shrinkwrap/descriptors/shrinkwrap-descriptors-api-javaee/2.0.0/shrinkwrap-descriptors-api-javaee-2.0.0.jar:/home/serkanaksut/.m2/repository/org/jboss/shrinkwrap/descriptors/shrinkwrap-descriptors-api-base/2.0.0/shrinkwrap-descriptors-api-base-2.0.0.jar:/home/serkanaksut/.m2/repository/org/apache/tomee/javaee-api/7.0-1/javaee-api-7.0-1.jar:/home/serkanaksut/.m2/repository/org/apache/tomee/arquillian-tomee-common/7.0.7/arquillian-tomee-common-7.0.7.jar:/home/serkanaksut/.m2/repository/org/apache/tomee/arquillian-common/7.0.7/arquillian-common-7.0.7.jar:/home/serkanaksut/.m2/repository/org/codehaus/swizzle/swizzle-stream/1.6.2/swizzle-stream-1.6.2.jar:/home/serkanaksut/.m2/repository/org/apache/tomee/tomee-embedded/7.0.7/tomee-embedded-7.0.7.jar:/home/serkanaksut/.m2/repository/org/apache/tomee/tomee-catalina/7.0.7/tomee-catalina-7.0.7.jar:/home/serkanaksut/.m2/repository/org/apache/tomee/tomee-jdbc/7.0.7/tomee-jdbc-7.0.7.jar:/home/serkanaksut/.m2/repository/org/apache/tomee/tomee-juli/7.0.7/tomee-juli-7.0.7.jar:/home/serkanaksut/.m2/repository/org/apache/tomee/tomee-util/7.0.7/tomee-util-7.0.7.jar:/home/serkanaksut/.m2/repository/org/apache/tomee/javaee-api/7.0-1/javaee-api-7.0-1-tomcat.jar:/home/serkanaksut/.m2/repository/org/apache/tomcat/tomcat-websocket-api/8.5.50/tomcat-websocket-api-8.5.50.jar:/home/serkanaksut/.m2/repository/org/apache/tomee/tomee-myfaces/7.0.7/tomee-myfaces-7.0.7.jar:/home/serkanaksut/.m2/repository/org/apache/openwebbeans/openwebbeans-jsf/1.7.6/openwebbeans-jsf-1.7.6.jar:/home/serkanaksut/.m2/repository/org/apache/openwebbeans/openwebbeans-impl/1.7.6/openwebbeans-impl-1.7.6.jar:/home/serkanaksut/.m2/repository/org/apache/openwebbeans/openwebbeans-web/1.7.6/openwebbeans-web-1.7.6.jar:/home/serkanaksut/.m2/repository/org/apache/openwebbeans/openwebbeans-el22/1.7.6/openwebbeans-el22-1.7.6.jar:/home/serkanaksut/.m2/repository/org/apache/tomee/openejb-core/7.0.7/openejb-core-7.0.7.jar:/home/serkanaksut/.m2/repository/org/apache/tomee/mbean-annotation-api/7.0.7/mbean-annotation-api-7.0.7.jar:/home/serkanaksut/.m2/repository/org/apache/tomee/openejb-jpa-integration/7.0.7/openejb-jpa-integration-7.0.7.jar:/home/serkanaksut/.m2/repository/org/apache/tomee/openejb-api/7.0.7/openejb-api-7.0.7.jar:/home/serkanaksut/.m2/repository/org/apache/tomee/openejb-loader/7.0.7/openejb-loader-7.0.7.jar:/home/serkanaksut/.m2/repository/org/apache/tomee/openejb-javaagent/7.0.7/openejb-javaagent-7.0.7.jar:/home/serkanaksut/.m2/repository/org/apache/tomee/openejb-jee/7.0.7/openejb-jee-7.0.7.jar:/home/serkanaksut/.m2/repository/org/apache/tomee/openejb-jee-accessors/7.0.7/openejb-jee-accessors-7.0.7.jar:/home/serkanaksut/.m2/repository/org/metatype/sxc/sxc-jaxb-core/0.8/sxc-jaxb-core-0.8.jar:/home/serkanaksut/.m2/repository/org/metatype/sxc/sxc-runtime/0.8/sxc-runtime-0.8.jar:/home/serkanaksut/.m2/repository/commons-cli/commons-cli/1.2/commons-cli-1.2.jar:/home/serkanaksut/.m2/repository/commons-collections/commons-collections/3.2.2/commons-collections-3.2.2.jar:/home/serkanaksut/.m2/repository/org/apache/activemq/activemq-ra/5.14.5/activemq-ra-5.14.5.jar:/home/serkanaksut/.m2/repository/org/apache/activemq/activemq-kahadb-store/5.14.5/activemq-kahadb-store-5.14.5.jar:/home/serkanaksut/.m2/repository/org/apache/activemq/protobuf/activemq-protobuf/1.1/activemq-protobuf-1.1.jar:/home/serkanaksut/.m2/repository/org/apache/activemq/activemq-broker/5.14.5/activemq-broker-5.14.5.jar:/home/serkanaksut/.m2/repository/org/apache/activemq/activemq-client/5.14.5/activemq-client-5.14.5.jar:/home/serkanaksut/.m2/repository/org/fusesource/hawtbuf/hawtbuf/1.11/hawtbuf-1.11.jar:/home/serkanaksut/.m2/repository/org/apache/activemq/activemq-openwire-legacy/5.14.5/activemq-openwire-legacy-5.14.5.jar:/home/serkanaksut/.m2/repository/org/apache/activemq/activemq-jdbc-store/5.14.5/activemq-jdbc-store-5.14.5.jar:/home/serkanaksut/.m2/repository/org/apache/geronimo/components/geronimo-connector/3.1.4/geronimo-connector-3.1.4.jar:/home/serkanaksut/.m2/repository/org/apache/geronimo/components/geronimo-transaction/3.1.4/geronimo-transaction-3.1.4.jar:/home/serkanaksut/.m2/repository/org/objectweb/howl/howl/1.0.1-1/howl-1.0.1-1.jar:/home/serkanaksut/.m2/repository/org/apache/geronimo/javamail/geronimo-javamail_1.4_mail/1.9.0-alpha-2/geronimo-javamail_1.4_mail-1.9.0-alpha-2.jar:/home/serkanaksut/.m2/repository/org/apache/xbean/xbean-asm7-shaded/4.14/xbean-asm7-shaded-4.14.jar:/home/serkanaksut/.m2/repository/org/apache/xbean/xbean-finder-shaded/4.14/xbean-finder-shaded-4.14.jar:/home/serkanaksut/.m2/repository/org/apache/xbean/xbean-reflect/4.14/xbean-reflect-4.14.jar:/home/serkanaksut/.m2/repository/org/apache/xbean/xbean-naming/4.14/xbean-naming-4.14.jar:/home/serkanaksut/.m2/repository/org/apache/xbean/xbean-bundleutils/4.14/xbean-bundleutils-4.14.jar:/home/serkanaksut/.m2/repository/org/hsqldb/hsqldb/2.3.2/hsqldb-2.3.2.jar:/home/serkanaksut/.m2/repository/org/apache/commons/commons-dbcp2/2.1/commons-dbcp2-2.1.jar:/home/serkanaksut/.m2/repository/org/apache/commons/commons-pool2/2.3/commons-pool2-2.3.jar:/home/serkanaksut/.m2/repository/org/apache/openejb/shade/quartz-openejb-shade/2.2.4/quartz-openejb-shade-2.2.4.jar:/home/serkanaksut/.m2/repository/org/apache/openwebbeans/openwebbeans-spi/1.7.6/openwebbeans-spi-1.7.6.jar:/home/serkanaksut/.m2/repository/org/apache/openwebbeans/openwebbeans-ejb/1.7.6/openwebbeans-ejb-1.7.6.jar:/home/serkanaksut/.m2/repository/org/apache/openwebbeans/openwebbeans-ee/1.7.6/openwebbeans-ee-1.7.6.jar:/home/serkanaksut/.m2/repository/org/apache/openwebbeans/openwebbeans-ee-common/1.7.6/openwebbeans-ee-common-1.7.6.jar:/home/serkanaksut/.m2/repository/org/apache/openjpa/openjpa/2.4.3/openjpa-2.4.3.jar:/home/serkanaksut/.m2/repository/net/sourceforge/serp/serp/1.15.1/serp-1.15.1.jar:/home/serkanaksut/.m2/repository/org/apache/xbean/xbean-asm6-shaded/4.8/xbean-asm6-shaded-4.8.jar:/home/serkanaksut/.m2/repository/org/apache/bval/bval-core/1.1.2/bval-core-1.1.2.jar:/home/serkanaksut/.m2/repository/org/apache/bval/bval-jsr/1.1.2/bval-jsr-1.1.2.jar:/home/serkanaksut/.m2/repository/org/apache/myfaces/core/myfaces-impl/2.2.12/myfaces-impl-2.2.12.jar:/home/serkanaksut/.m2/repository/commons-digester/commons-digester/1.8/commons-digester-1.8.jar:/home/serkanaksut/.m2/repository/commons-beanutils/commons-beanutils/1.8.3/commons-beanutils-1.8.3.jar:/home/serkanaksut/.m2/repository/org/apache/taglibs/taglibs-standard-jstlel/1.2.5/taglibs-standard-jstlel-1.2.5.jar:/home/serkanaksut/.m2/repository/org/apache/taglibs/taglibs-standard-spec/1.2.5/taglibs-standard-spec-1.2.5.jar:/home/serkanaksut/.m2/repository/org/apache/taglibs/taglibs-standard-impl/1.2.5/taglibs-standard-impl-1.2.5.jar:/home/serkanaksut/.m2/repository/org/apache/tomcat/tomcat-jdbc/8.5.50/tomcat-jdbc-8.5.50.jar:/home/serkanaksut/.m2/repository/org/apache/tomcat/tomcat-dbcp/8.5.50/tomcat-dbcp-8.5.50.jar:/home/serkanaksut/.m2/repository/org/apache/tomcat/tomcat-catalina/8.5.50/tomcat-catalina-8.5.50.jar:/home/serkanaksut/.m2/repository/org/apache/tomcat/tomcat-servlet-api/8.5.50/tomcat-servlet-api-8.5.50.jar:/home/serkanaksut/.m2/repository/org/apache/tomcat/tomcat-jsp-api/8.5.50/tomcat-jsp-api-8.5.50.jar:/home/serkanaksut/.m2/repository/org/apache/tomcat/tomcat-api/8.5.50/tomcat-api-8.5.50.jar:/home/serkanaksut/.m2/repository/org/apache/tomcat/tomcat-jni/8.5.50/tomcat-jni-8.5.50.jar:/home/serkanaksut/.m2/repository/org/apache/tomcat/tomcat-util/8.5.50/tomcat-util-8.5.50.jar:/home/serkanaksut/.m2/repository/org/apache/tomcat/tomcat-util-scan/8.5.50/tomcat-util-scan-8.5.50.jar:/home/serkanaksut/.m2/repository/org/apache/tomcat/tomcat-jaspic-api/8.5.50/tomcat-jaspic-api-8.5.50.jar:/home/serkanaksut/.m2/repository/org/apache/tomcat/tomcat-catalina-ha/8.5.50/tomcat-catalina-ha-8.5.50.jar:/home/serkanaksut/.m2/repository/org/apache/tomcat/tomcat-tribes/8.5.50/tomcat-tribes-8.5.50.jar:/home/serkanaksut/.m2/repository/org/apache/tomcat/tomcat-coyote/8.5.50/tomcat-coyote-8.5.50.jar:/home/serkanaksut/.m2/repository/org/apache/tomcat/tomcat-jasper/8.5.50/tomcat-jasper-8.5.50.jar:/home/serkanaksut/.m2/repository/org/apache/tomcat/tomcat-el-api/8.5.50/tomcat-el-api-8.5.50.jar:/home/serkanaksut/.m2/repository/org/eclipse/jdt/ecj/3.12.3/ecj-3.12.3.jar:/home/serkanaksut/.m2/repository/org/apache/tomcat/tomcat-jasper-el/8.5.50/tomcat-jasper-el-8.5.50.jar:/home/serkanaksut/.m2/repository/org/eclipse/jdt/core/compiler/ecj/4.4/ecj-4.4.jar:/home/serkanaksut/.m2/repository/org/apache/velocity/velocity/1.6.4/velocity-1.6.4.jar:/home/serkanaksut/.m2/repository/commons-lang/commons-lang/2.4/commons-lang-2.4.jar:/home/serkanaksut/.m2/repository/oro/oro/2.0.8/oro-2.0.8.jar:/home/serkanaksut/.m2/repository/org/apache/tomee/openejb-client/7.0.7/openejb-client-7.0.7.jar:/home/serkanaksut/.m2/repository/com/sun/xml/bind/jaxb-impl/2.3.0/jaxb-impl-2.3.0.jar:/home/serkanaksut/.m2/repository/com/sun/xml/bind/jaxb-core/2.3.0/jaxb-core-2.3.0.jar:/home/serkanaksut/.m2/repository/org/apache/tomee/tomee-webservices/7.0.7/tomee-webservices-7.0.7.jar:/home/serkanaksut/.m2/repository/org/apache/tomee/openejb-webservices/7.0.7/openejb-webservices-7.0.7.jar:/home/serkanaksut/.m2/repository/org/apache/tomee/openejb-cxf/7.0.7/openejb-cxf-7.0.7.jar:/home/serkanaksut/.m2/repository/org/apache/wss4j/wss4j-ws-security-dom/2.1.9/wss4j-ws-security-dom-2.1.9.jar:/home/serkanaksut/.m2/repository/org/apache/wss4j/wss4j-ws-security-common/2.1.9/wss4j-ws-security-common-2.1.9.jar:/home/serkanaksut/.m2/repository/org/apache/santuario/xmlsec/2.0.8/xmlsec-2.0.8.jar:/home/serkanaksut/.m2/repository/org/opensaml/opensaml-saml-impl/3.1.1/opensaml-saml-impl-3.1.1.jar:/home/serkanaksut/.m2/repository/org/opensaml/opensaml-profile-api/3.1.1/opensaml-profile-api-3.1.1.jar:/home/serkanaksut/.m2/repository/org/opensaml/opensaml-core/3.1.1/opensaml-core-3.1.1.jar:/home/serkanaksut/.m2/repository/org/opensaml/opensaml-saml-api/3.1.1/opensaml-saml-api-3.1.1.jar:/home/serkanaksut/.m2/repository/org/opensaml/opensaml-xmlsec-api/3.1.1/opensaml-xmlsec-api-3.1.1.jar:/home/serkanaksut/.m2/repository/org/opensaml/opensaml-soap-api/3.1.1/opensaml-soap-api-3.1.1.jar:/home/serkanaksut/.m2/repository/org/opensaml/opensaml-security-impl/3.1.1/opensaml-security-impl-3.1.1.jar:/home/serkanaksut/.m2/repository/org/opensaml/opensaml-security-api/3.1.1/opensaml-security-api-3.1.1.jar:/home/serkanaksut/.m2/repository/org/cryptacular/cryptacular/1.0/cryptacular-1.0.jar:/home/serkanaksut/.m2/repository/org/opensaml/opensaml-xmlsec-impl/3.1.1/opensaml-xmlsec-impl-3.1.1.jar:/home/serkanaksut/.m2/repository/net/shibboleth/utilities/java-support/7.1.1/java-support-7.1.1.jar:/home/serkanaksut/.m2/repository/org/opensaml/opensaml-xacml-impl/3.1.1/opensaml-xacml-impl-3.1.1.jar:/home/serkanaksut/.m2/repository/org/opensaml/opensaml-xacml-api/3.1.1/opensaml-xacml-api-3.1.1.jar:/home/serkanaksut/.m2/repository/org/opensaml/opensaml-xacml-saml-impl/3.1.1/opensaml-xacml-saml-impl-3.1.1.jar:/home/serkanaksut/.m2/repository/org/opensaml/opensaml-xacml-saml-api/3.1.1/opensaml-xacml-saml-api-3.1.1.jar:/home/serkanaksut/.m2/repository/org/jasypt/jasypt/1.9.2/jasypt-1.9.2.jar:/home/serkanaksut/.m2/repository/org/bouncycastle/bcprov-jdk15on/1.63/bcprov-jdk15on-1.63.jar:/home/serkanaksut/.m2/repository/org/apache/wss4j/wss4j-policy/2.1.9/wss4j-policy-2.1.9.jar:/home/serkanaksut/.m2/repository/org/apache/wss4j/wss4j-ws-security-stax/2.1.9/wss4j-ws-security-stax-2.1.9.jar:/home/serkanaksut/.m2/repository/org/apache/wss4j/wss4j-bindings/2.1.9/wss4j-bindings-2.1.9.jar:/home/serkanaksut/.m2/repository/org/apache/wss4j/wss4j-ws-security-policy-stax/2.1.9/wss4j-ws-security-policy-stax-2.1.9.jar:/home/serkanaksut/.m2/repository/org/apache/cxf/cxf-rt-frontend-jaxws/3.3.8/cxf-rt-frontend-jaxws-3.3.8.jar:/home/serkanaksut/.m2/repository/xml-resolver/xml-resolver/1.2/xml-resolver-1.2.jar:/home/serkanaksut/.m2/repository/org/apache/cxf/cxf-rt-bindings-soap/3.3.8/cxf-rt-bindings-soap-3.3.8.jar:/home/serkanaksut/.m2/repository/org/apache/cxf/cxf-rt-wsdl/3.3.8/cxf-rt-wsdl-3.3.8.jar:/home/serkanaksut/.m2/repository/org/apache/cxf/cxf-rt-databinding-jaxb/3.3.8/cxf-rt-databinding-jaxb-3.3.8.jar:/home/serkanaksut/.m2/repository/org/apache/cxf/cxf-rt-bindings-xml/3.3.8/cxf-rt-bindings-xml-3.3.8.jar:/home/serkanaksut/.m2/repository/org/apache/cxf/cxf-rt-frontend-simple/3.3.8/cxf-rt-frontend-simple-3.3.8.jar:/home/serkanaksut/.m2/repository/org/apache/cxf/cxf-rt-ws-addr/3.3.8/cxf-rt-ws-addr-3.3.8.jar:/home/serkanaksut/.m2/repository/org/apache/cxf/cxf-rt-ws-policy/3.3.8/cxf-rt-ws-policy-3.3.8.jar:/home/serkanaksut/.m2/repository/org/apache/cxf/cxf-rt-ws-security/3.3.8/cxf-rt-ws-security-3.3.8.jar:/home/serkanaksut/.m2/repository/org/apache/cxf/cxf-rt-security-saml/3.3.8/cxf-rt-security-saml-3.3.8.jar:/home/serkanaksut/.m2/repository/org/apache/tomcat/tomcat-websocket/8.5.50/tomcat-websocket-8.5.50.jar:/home/serkanaksut/.m2/repository/org/apache/tomee/tomee-jaxrs/7.0.7/tomee-jaxrs-7.0.7.jar:/home/serkanaksut/.m2/repository/org/apache/tomee/tomee-loader/7.0.7/tomee-loader-7.0.7.jar:/home/serkanaksut/.m2/repository/org/apache/tomcat/tomcat-juli/8.5.50/tomcat-juli-8.5.50.jar:/home/serkanaksut/.m2/repository/org/apache/tomee/tomee-common/7.0.7/tomee-common-7.0.7.jar:/home/serkanaksut/.m2/repository/org/apache/tomee/openejb-rest/7.0.7/openejb-rest-7.0.7.jar:/home/serkanaksut/.m2/repository/org/apache/tomee/openejb-cxf-rs/7.0.7/openejb-cxf-rs-7.0.7.jar:/home/serkanaksut/.m2/repository/org/apache/tomee/openejb-cxf-transport/7.0.7/openejb-cxf-transport-7.0.7.jar:/home/serkanaksut/.m2/repository/org/apache/cxf/cxf-rt-transports-http/3.3.8/cxf-rt-transports-http-3.3.8.jar:/home/serkanaksut/.m2/repository/org/apache/cxf/cxf-rt-management/3.3.8/cxf-rt-management-3.3.8.jar:/home/serkanaksut/.m2/repository/org/apache/cxf/cxf-rt-rs-service-description/3.1.18/cxf-rt-rs-service-description-3.1.18.jar:/home/serkanaksut/.m2/repository/org/apache/cxf/cxf-rt-rs-client/3.3.8/cxf-rt-rs-client-3.3.8.jar:/home/serkanaksut/.m2/repository/org/apache/cxf/cxf-core/3.3.8/cxf-core-3.3.8.jar:/home/serkanaksut/.m2/repository/org/glassfish/jaxb/jaxb-runtime/2.3.2/jaxb-runtime-2.3.2.jar:/home/serkanaksut/.m2/repository/org/glassfish/jaxb/txw2/2.3.2/txw2-2.3.2.jar:/home/serkanaksut/.m2/repository/com/sun/istack/istack-commons-runtime/3.0.8/istack-commons-runtime-3.0.8.jar:/home/serkanaksut/.m2/repository/com/sun/xml/fastinfoset/FastInfoset/1.2.16/FastInfoset-1.2.16.jar:/home/serkanaksut/.m2/repository/jakarta/activation/jakarta.activation-api/1.2.1/jakarta.activation-api-1.2.1.jar:/home/serkanaksut/.m2/repository/com/fasterxml/woodstox/woodstox-core/5.0.3/woodstox-core-5.0.3.jar:/home/serkanaksut/.m2/repository/jakarta/xml/bind/jakarta.xml.bind-api/2.3.2/jakarta.xml.bind-api-2.3.2.jar:/home/serkanaksut/.m2/repository/javax/annotation/javax.annotation-api/1.3.2/javax.annotation-api-1.3.2.jar:/home/serkanaksut/.m2/repository/javax/xml/ws/jaxws-api/2.3.1/jaxws-api-2.3.1.jar:/home/serkanaksut/.m2/repository/javax/xml/soap/javax.xml.soap-api/1.4.0/javax.xml.soap-api-1.4.0.jar:/home/serkanaksut/.m2/repository/com/sun/activation/javax.activation/1.2.0/javax.activation-1.2.0.jar:/home/serkanaksut/.m2/repository/com/sun/xml/messaging/saaj/saaj-impl/1.4.0-b03/saaj-impl-1.4.0-b03.jar:/home/serkanaksut/.m2/repository/org/jvnet/mimepull/mimepull/1.9.7/mimepull-1.9.7.jar:/home/serkanaksut/.m2/repository/org/jvnet/staxex/stax-ex/1.7.8/stax-ex-1.7.8.jar:/home/serkanaksut/.m2/repository/org/jacorb/jacorb-omgapi/3.9/jacorb-omgapi-3.9.jar:/home/serkanaksut/.m2/repository/org/jboss/spec/javax/rmi/jboss-rmi-api_1.0_spec/1.0.6.Final/jboss-rmi-api_1.0_spec-1.0.6.Final.jar:/home/serkanaksut/.m2/repository/org/apache/cxf/cxf-rt-frontend-jaxrs/3.3.8/cxf-rt-frontend-jaxrs-3.3.8.jar:/home/serkanaksut/.m2/repository/jakarta/ws/rs/jakarta.ws.rs-api/2.1.5/jakarta.ws.rs-api-2.1.5.jar:/home/serkanaksut/.m2/repository/org/apache/cxf/cxf-rt-security/3.3.8/cxf-rt-security-3.3.8.jar:/home/serkanaksut/.m2/repository/org/apache/cxf/cxf-rt-rs-extension-search/3.3.8/cxf-rt-rs-extension-search-3.3.8.jar:/home/serkanaksut/.m2/repository/org/apache/cxf/cxf-rt-rs-security-cors/3.3.8/cxf-rt-rs-security-cors-3.3.8.jar:/home/serkanaksut/.m2/repository/org/apache/cxf/cxf-rt-rs-security-oauth2/3.3.8/cxf-rt-rs-security-oauth2-3.3.8.jar:/home/serkanaksut/.m2/repository/org/apache/cxf/cxf-rt-rs-security-jose-jaxrs/3.3.8/cxf-rt-rs-security-jose-jaxrs-3.3.8.jar:/home/serkanaksut/.m2/repository/org/apache/cxf/cxf-rt-rs-security-jose/3.3.8/cxf-rt-rs-security-jose-3.3.8.jar:/home/serkanaksut/.m2/repository/org/apache/cxf/cxf-rt-rs-json-basic/3.3.8/cxf-rt-rs-json-basic-3.3.8.jar:/home/serkanaksut/.m2/repository/org/apache/cxf/cxf-rt-rs-extension-providers/3.3.8/cxf-rt-rs-extension-providers-3.3.8.jar:/home/serkanaksut/.m2/repository/org/apache/johnzon/johnzon-jaxrs/1.0.2/johnzon-jaxrs-1.0.2.jar:/home/serkanaksut/.m2/repository/org/apache/johnzon/johnzon-mapper/1.0.2/johnzon-mapper-1.0.2.jar:/home/serkanaksut/.m2/repository/org/apache/johnzon/johnzon-core/1.0.2/johnzon-core-1.0.2.jar:/home/serkanaksut/.m2/repository/org/apache/tomee/openejb-server/7.0.7/openejb-server-7.0.7.jar:/home/serkanaksut/.m2/repository/org/apache/tomee/openejb-ejbd/7.0.7/openejb-ejbd-7.0.7.jar:/home/serkanaksut/.m2/repository/org/apache/tomee/openejb-http/7.0.7/openejb-http-7.0.7.jar:"/>
    <property name="sun.cpu.endian" value="little"/>
    <property name="user.home" value="/home/serkanaksut"/>
    <property name="user.language" value="en"/>
    <property name="java.specification.vendor" value="Oracle Corporation"/>
    <property name="java.version.date" value="2021-04-20"/>
    <property name="java.home" value="/usr/lib/jvm/java-11-openjdk-amd64"/>
    <property name="file.separator" value="/"/>
    <property name="basedir" value="/home/serkanaksut/git/abapbuildcld/integration-tests"/>
    <property name="java.vm.compressedOopsMode" value="32-bit"/>
    <property name="line.separator" value="&#10;"/>
    <property name="java.specification.name" value="Java Platform API Specification"/>
    <property name="java.vm.specification.vendor" value="Oracle Corporation"/>
    <property name="java.awt.graphicsenv" value="sun.awt.X11GraphicsEnvironment"/>
    <property name="surefire.real.class.path" value="/home/serkanaksut/git/abapbuildcld/integration-tests/target/surefire/surefirebooter10341690449537749681.jar"/>
    <property name="sun.management.compiler" value="HotSpot 64-Bit Tiered Compilers"/>
    <property name="java.runtime.version" value="11.0.11+9-Ubuntu-0ubuntu2.20.04"/>
    <property name="user.name" value="serkanaksut"/>
    <property name="path.separator" value=":"/>
    <property name="os.version" value="5.10.0-1038-oem"/>
    <property name="java.runtime.name" value="OpenJDK Runtime Environment"/>
    <property name="file.encoding" value="UTF-8"/>
    <property name="java.vm.name" value="OpenJDK 64-Bit Server VM"/>
    <property name="localRepository" value="/home/serkanaksut/.m2/repository"/>
    <property name="java.vendor.url.bug" value="https://bugs.launchpad.net/ubuntu/+source/openjdk-lts"/>
    <property name="java.io.tmpdir" value="/tmp"/>
    <property name="java.version" value="11.0.11"/>
    <property name="user.dir" value="/home/serkanaksut/git/abapbuildcld/integration-tests"/>
    <property name="os.arch" value="amd64"/>
    <property name="surefire.forkDir" value="/home/serkanaksut/git/abapbuildcld/integration-tests/target/surefire-fork/1/"/>
    <property name="java.vm.specification.name" value="Java Virtual Machine Specification"/>
    <property name="java.awt.printerjob" value="sun.print.PSPrinterJob"/>
    <property name="sun.os.patch.level" value="unknown"/>
    <property name="org.slf4j.simpleLogger.defaultLogLevel" value="info"/>
    <property name="java.library.path" value="/usr/java/packages/lib:/usr/lib/x86_64-linux-gnu/jni:/lib/x86_64-linux-gnu:/usr/lib/x86_64-linux-gnu:/usr/lib/jni:/lib:/usr/lib"/>
    <property name="java.vm.info" value="mixed mode, sharing"/>
    <property name="java.vendor" value="Ubuntu"/>
    <property name="java.vm.version" value="11.0.11+9-Ubuntu-0ubuntu2.20.04"/>
    <property name="sun.io.unicode.encoding" value="UnicodeLittle"/>
    <property name="java.class.version" value="55.0"/>
  </properties>
  <testcase name="testService" classname="com.zorlu.cloud.sdk.abap.HelloWorldServletTest" time="1.896">
    <system-err><![CDATA[java.lang.IllegalStateException: Unable to initialize agent
	at org.apache.openejb.javaagent.Agent.checkInitialization(Agent.java:104)
	at org.apache.openejb.javaagent.Agent.getInstrumentation(Agent.java:94)
	at org.apache.tomee.embedded.Container.<clinit>(Container.java:128)
	at org.apache.openejb.arquillian.embedded.EmbeddedTomEEContainer.setup(EmbeddedTomEEContainer.java:72)
	at org.apache.openejb.arquillian.embedded.EmbeddedTomEEContainer.setup(EmbeddedTomEEContainer.java:52)
	at org.jboss.arquillian.container.impl.ContainerImpl.setup(ContainerImpl.java:165)
	at org.jboss.arquillian.container.impl.client.container.ContainerLifecycleController$7.perform(ContainerLifecycleController.java:127)
	at org.jboss.arquillian.container.impl.client.container.ContainerLifecycleController$7.perform(ContainerLifecycleController.java:124)
	at org.jboss.arquillian.container.impl.client.container.ContainerLifecycleController.forContainer(ContainerLifecycleController.java:208)
	at org.jboss.arquillian.container.impl.client.container.ContainerLifecycleController.setupContainer(ContainerLifecycleController.java:124)
	at java.base/jdk.internal.reflect.NativeMethodAccessorImpl.invoke0(Native Method)
	at java.base/jdk.internal.reflect.NativeMethodAccessorImpl.invoke(NativeMethodAccessorImpl.java:62)
	at java.base/jdk.internal.reflect.DelegatingMethodAccessorImpl.invoke(DelegatingMethodAccessorImpl.java:43)
	at java.base/java.lang.reflect.Method.invoke(Method.java:566)
	at org.jboss.arquillian.core.impl.ObserverImpl.invoke(ObserverImpl.java:86)
	at org.jboss.arquillian.core.impl.EventContextImpl.invokeObservers(EventContextImpl.java:103)
	at org.jboss.arquillian.core.impl.EventContextImpl.proceed(EventContextImpl.java:90)
	at org.jboss.arquillian.container.impl.client.ContainerDeploymentContextHandler.createContainerContext(ContainerDeploymentContextHandler.java:54)
	at java.base/jdk.internal.reflect.NativeMethodAccessorImpl.invoke0(Native Method)
	at java.base/jdk.internal.reflect.NativeMethodAccessorImpl.invoke(NativeMethodAccessorImpl.java:62)
	at java.base/jdk.internal.reflect.DelegatingMethodAccessorImpl.invoke(DelegatingMethodAccessorImpl.java:43)
	at java.base/java.lang.reflect.Method.invoke(Method.java:566)
	at org.jboss.arquillian.core.impl.ObserverImpl.invoke(ObserverImpl.java:86)
	at org.jboss.arquillian.core.impl.EventContextImpl.proceed(EventContextImpl.java:95)
	at org.jboss.arquillian.core.impl.ManagerImpl.fire(ManagerImpl.java:133)
	at org.jboss.arquillian.core.impl.ManagerImpl.fire(ManagerImpl.java:105)
	at org.jboss.arquillian.core.impl.EventImpl.fire(EventImpl.java:62)
	at org.jboss.arquillian.container.impl.client.container.ContainerLifecycleController$1.perform(ContainerLifecycleController.java:58)
	at org.jboss.arquillian.container.impl.client.container.ContainerLifecycleController$1.perform(ContainerLifecycleController.java:52)
	at org.jboss.arquillian.container.impl.client.container.ContainerLifecycleController.forEachContainer(ContainerLifecycleController.java:172)
	at org.jboss.arquillian.container.impl.client.container.ContainerLifecycleController.setupContainers(ContainerLifecycleController.java:52)
	at java.base/jdk.internal.reflect.NativeMethodAccessorImpl.invoke0(Native Method)
	at java.base/jdk.internal.reflect.NativeMethodAccessorImpl.invoke(NativeMethodAccessorImpl.java:62)
	at java.base/jdk.internal.reflect.DelegatingMethodAccessorImpl.invoke(DelegatingMethodAccessorImpl.java:43)
	at java.base/java.lang.reflect.Method.invoke(Method.java:566)
	at org.jboss.arquillian.core.impl.ObserverImpl.invoke(ObserverImpl.java:86)
	at org.jboss.arquillian.core.impl.EventContextImpl.invokeObservers(EventContextImpl.java:103)
	at org.jboss.arquillian.core.impl.EventContextImpl.proceed(EventContextImpl.java:90)
	at org.jboss.arquillian.core.impl.ManagerImpl.fire(ManagerImpl.java:133)
	at org.jboss.arquillian.core.impl.ManagerImpl.fire(ManagerImpl.java:105)
	at org.jboss.arquillian.core.impl.EventImpl.fire(EventImpl.java:62)
	at org.jboss.arquillian.container.test.impl.client.ContainerEventController.execute(ContainerEventController.java:82)
	at java.base/jdk.internal.reflect.NativeMethodAccessorImpl.invoke0(Native Method)
	at java.base/jdk.internal.reflect.NativeMethodAccessorImpl.invoke(NativeMethodAccessorImpl.java:62)
	at java.base/jdk.internal.reflect.DelegatingMethodAccessorImpl.invoke(DelegatingMethodAccessorImpl.java:43)
	at java.base/java.lang.reflect.Method.invoke(Method.java:566)
	at org.jboss.arquillian.core.impl.ObserverImpl.invoke(ObserverImpl.java:86)
	at org.jboss.arquillian.core.impl.EventContextImpl.invokeObservers(EventContextImpl.java:103)
	at org.jboss.arquillian.core.impl.EventContextImpl.proceed(EventContextImpl.java:90)
	at org.jboss.arquillian.test.impl.TestContextHandler.createSuiteContext(TestContextHandler.java:69)
	at java.base/jdk.internal.reflect.NativeMethodAccessorImpl.invoke0(Native Method)
	at java.base/jdk.internal.reflect.NativeMethodAccessorImpl.invoke(NativeMethodAccessorImpl.java:62)
	at java.base/jdk.internal.reflect.DelegatingMethodAccessorImpl.invoke(DelegatingMethodAccessorImpl.java:43)
	at java.base/java.lang.reflect.Method.invoke(Method.java:566)
	at org.jboss.arquillian.core.impl.ObserverImpl.invoke(ObserverImpl.java:86)
	at org.jboss.arquillian.core.impl.EventContextImpl.proceed(EventContextImpl.java:95)
	at org.jboss.arquillian.core.impl.ManagerImpl.fire(ManagerImpl.java:133)
	at org.jboss.arquillian.core.impl.ManagerImpl.fire(ManagerImpl.java:105)
	at org.jboss.arquillian.test.impl.EventTestRunnerAdaptor.beforeSuite(EventTestRunnerAdaptor.java:71)
	at org.jboss.arquillian.junit.AdaptorManager.initializeAdaptor(AdaptorManager.java:23)
	at org.jboss.arquillian.junit.AdaptorManagerWithNotifier.initializeAdaptor(AdaptorManagerWithNotifier.java:19)
	at org.jboss.arquillian.junit.Arquillian.run(Arquillian.java:109)
	at org.apache.maven.surefire.junit4.JUnit4Provider.execute(JUnit4Provider.java:364)
	at org.apache.maven.surefire.junit4.JUnit4Provider.executeWithRerun(JUnit4Provider.java:272)
	at org.apache.maven.surefire.junit4.JUnit4Provider.executeTestSet(JUnit4Provider.java:237)
	at org.apache.maven.surefire.junit4.JUnit4Provider.invoke(JUnit4Provider.java:158)
	at org.apache.maven.surefire.booter.ForkedBooter.runSuitesInProcess(ForkedBooter.java:428)
	at org.apache.maven.surefire.booter.ForkedBooter.execute(ForkedBooter.java:162)
	at org.apache.maven.surefire.booter.ForkedBooter.run(ForkedBooter.java:562)
	at org.apache.maven.surefire.booter.ForkedBooter.main(ForkedBooter.java:548)
Caused by: java.lang.reflect.InvocationTargetException
	at java.base/jdk.internal.reflect.NativeMethodAccessorImpl.invoke0(Native Method)
	at java.base/jdk.internal.reflect.NativeMethodAccessorImpl.invoke(NativeMethodAccessorImpl.java:62)
	at java.base/jdk.internal.reflect.DelegatingMethodAccessorImpl.invoke(DelegatingMethodAccessorImpl.java:43)
	at java.base/java.lang.reflect.Method.invoke(Method.java:566)
	at org.apache.openejb.javaagent.Agent.dynamicLoadAgent(Agent.java:151)
	at org.apache.openejb.javaagent.Agent.checkInitialization(Agent.java:102)
	... 69 more
Caused by: java.io.IOException: Can not attach to current VM
	at jdk.attach/sun.tools.attach.HotSpotVirtualMachine.<init>(HotSpotVirtualMachine.java:75)
	at jdk.attach/sun.tools.attach.VirtualMachineImpl.<init>(VirtualMachineImpl.java:57)
	at jdk.attach/sun.tools.attach.AttachProviderImpl.attachVirtualMachine(AttachProviderImpl.java:58)
	at jdk.attach/com.sun.tools.attach.VirtualMachine.attach(VirtualMachine.java:207)
	... 75 more
Sep 02, 2021 6:09:50 PM org.apache.tomee.embedded.Container start
INFO: Starting TomEE from: /home/serkanaksut/git/abapbuildcld/integration-tests/target/surefire-fork/1/arquillian-tomee
Sep 02, 2021 6:09:50 PM org.apache.coyote.AbstractProtocol init
INFO: Initializing ProtocolHandler ["http-nio-41083"]
Sep 02, 2021 6:09:50 PM org.apache.tomcat.util.net.NioSelectorPool getSharedSelector
INFO: Using a shared selector for servlet write/read
Sep 02, 2021 6:09:50 PM org.apache.catalina.core.StandardService startInternal
INFO: Starting service [Tomcat]
Sep 02, 2021 6:09:50 PM org.apache.catalina.core.StandardEngine startInternal
INFO: Starting Servlet Engine: Apache Tomcat/8.5.50
Sep 02, 2021 6:09:50 PM org.apache.coyote.AbstractProtocol start
INFO: Starting ProtocolHandler ["http-nio-41083"]
Sep 02, 2021 6:09:50 PM org.apache.openejb.util.OptionsLog info
INFO: Using 'openejb.jdbc.datasource-creator=org.apache.tomee.jdbc.TomEEDataSourceCreator'
Sep 02, 2021 6:09:50 PM org.apache.openejb.OpenEJB$Instance <init>
INFO: ********************************************************************************
Sep 02, 2021 6:09:50 PM org.apache.openejb.OpenEJB$Instance <init>
INFO: OpenEJB http://tomee.apache.org/
Sep 02, 2021 6:09:50 PM org.apache.openejb.OpenEJB$Instance <init>
INFO: Startup: Thu Sep 02 18:09:50 TRT 2021
Sep 02, 2021 6:09:50 PM org.apache.openejb.OpenEJB$Instance <init>
INFO: Copyright 1999-2018 (C) Apache OpenEJB Project, All Rights Reserved.
Sep 02, 2021 6:09:50 PM org.apache.openejb.OpenEJB$Instance <init>
INFO: Version: 7.0.7
Sep 02, 2021 6:09:50 PM org.apache.openejb.OpenEJB$Instance <init>
INFO: Build date: 20200107
Sep 02, 2021 6:09:50 PM org.apache.openejb.OpenEJB$Instance <init>
INFO: Build time: 01:11
Sep 02, 2021 6:09:50 PM org.apache.openejb.OpenEJB$Instance <init>
INFO: ********************************************************************************
Sep 02, 2021 6:09:50 PM org.apache.openejb.OpenEJB$Instance <init>
INFO: openejb.home = /home/serkanaksut/git/abapbuildcld/integration-tests/target/surefire-fork/1/arquillian-tomee
Sep 02, 2021 6:09:50 PM org.apache.openejb.OpenEJB$Instance <init>
INFO: openejb.base = /home/serkanaksut/git/abapbuildcld/integration-tests/target/surefire-fork/1/arquillian-tomee
Sep 02, 2021 6:09:50 PM org.apache.openejb.cdi.CdiBuilder initializeOWB
INFO: Created new singletonService org.apache.openejb.cdi.ThreadSingletonServiceImpl@4c1d59cd
Sep 02, 2021 6:09:50 PM org.apache.openejb.cdi.CdiBuilder initializeOWB
INFO: Succeeded in installing singleton service
Sep 02, 2021 6:09:50 PM org.apache.openejb.config.ConfigurationFactory init
INFO: TomEE configuration file is '/home/serkanaksut/git/abapbuildcld/integration-tests/target/surefire-fork/1/arquillian-tomee/conf/openejb.xml'
Sep 02, 2021 6:09:51 PM org.apache.openejb.config.ConfigurationFactory configureService
INFO: Configuring Service(id=Tomcat Security Service, type=SecurityService, provider-id=Tomcat Security Service)
Sep 02, 2021 6:09:51 PM org.apache.openejb.config.ConfigurationFactory configureService
INFO: Configuring Service(id=Default Transaction Manager, type=TransactionManager, provider-id=Default Transaction Manager)
Sep 02, 2021 6:09:51 PM org.apache.openejb.util.OptionsLog info
INFO: Using 'openejb.system.apps=false'
Sep 02, 2021 6:09:51 PM org.apache.openejb.util.OptionsLog info
INFO: Using 'openejb.deployments.classpath=false'
Sep 02, 2021 6:09:51 PM org.apache.openejb.assembler.classic.Assembler createRecipe
INFO: Creating TransactionManager(id=Default Transaction Manager)
Sep 02, 2021 6:09:51 PM org.apache.openejb.assembler.classic.Assembler createRecipe
INFO: Creating SecurityService(id=Tomcat Security Service)
Sep 02, 2021 6:09:51 PM org.apache.openejb.util.OptionsLog info
INFO: Using 'openejb.servicemanager.enabled=false'
[main] INFO org.apache.cxf.management.jmx.InstrumentationManagerImpl - registering MBean org.apache.cxf:bus.id=openejb.cxf.bus,type=Bus,instance.id=1466148437: org.apache.cxf.bus.ManagedBus@40c8067
[main] INFO org.apache.cxf.management.jmx.InstrumentationManagerImpl - registering MBean org.apache.cxf:bus.id=openejb.cxf.bus,type=Bus,instance.id=1466148437: javax.management.modelmbean.RequiredModelMBean@67c6f4d8
[main] INFO org.apache.cxf.management.jmx.InstrumentationManagerImpl - registered org.apache.cxf:bus.id=openejb.cxf.bus,type=Bus,instance.id=1466148437
[main] INFO com.sap.cloud.sdk.cloudplatform.cache.CacheManager - Successfully invalidated roughly 0 entries in 0 caches.
Sep 02, 2021 6:09:52 PM org.apache.openejb.util.JarExtractor extract
INFO: Extracting jar: /home/serkanaksut/git/abapbuildcld/integration-tests/target/surefire-fork/1/arquillian-tomee-working-dir/0/0c5a039d-8d7f-45a8-9bb1-9d4fa97fe5d0.war
Sep 02, 2021 6:09:52 PM org.apache.openejb.util.JarExtractor extract
INFO: Extracted path: /home/serkanaksut/git/abapbuildcld/integration-tests/target/surefire-fork/1/arquillian-tomee-working-dir/0/0c5a039d-8d7f-45a8-9bb1-9d4fa97fe5d0
Sep 02, 2021 6:09:52 PM org.apache.tomee.catalina.TomcatWebAppBuilder deployWebApps
INFO: using default host: localhost
Sep 02, 2021 6:09:52 PM org.apache.tomee.catalina.TomcatWebAppBuilder init
INFO: ------------------------- localhost -> /0c5a039d-8d7f-45a8-9bb1-9d4fa97fe5d0
Sep 02, 2021 6:09:52 PM org.apache.openejb.util.OptionsLog info
INFO: Using 'openejb.session.manager=org.apache.tomee.catalina.session.QuickSessionManager'
Sep 02, 2021 6:09:52 PM org.apache.openejb.config.ConfigurationFactory configureApplication
INFO: Configuring enterprise application: /home/serkanaksut/git/abapbuildcld/integration-tests/target/surefire-fork/1/arquillian-tomee-working-dir/0/0c5a039d-8d7f-45a8-9bb1-9d4fa97fe5d0
[main] INFO com.sap.cloud.sdk.cloudplatform.cache.CacheManager - Successfully invalidated roughly 0 entries in 0 caches.
Sep 02, 2021 6:09:53 PM org.apache.openejb.config.ConfigurationFactory configureService
INFO: Configuring Service(id=Default Managed Container, type=Container, provider-id=Default Managed Container)
Sep 02, 2021 6:09:53 PM org.apache.openejb.config.AutoConfig createContainer
INFO: Auto-creating a container for bean 0c5a039d-8d7f-45a8-9bb1-9d4fa97fe5d0.Comp218903976: Container(type=MANAGED, id=Default Managed Container)
Sep 02, 2021 6:09:53 PM org.apache.openejb.assembler.classic.Assembler createRecipe
INFO: Creating Container(id=Default Managed Container)
Sep 02, 2021 6:09:53 PM org.apache.openejb.core.managed.SimplePassivater init
INFO: Using directory /tmp for stateful session passivation
Sep 02, 2021 6:09:53 PM org.apache.openejb.config.AppInfoBuilder build
INFO: Enterprise application "/home/serkanaksut/git/abapbuildcld/integration-tests/target/surefire-fork/1/arquillian-tomee-working-dir/0/0c5a039d-8d7f-45a8-9bb1-9d4fa97fe5d0" loaded.
Sep 02, 2021 6:09:53 PM org.apache.openejb.assembler.classic.Assembler createApplication
INFO: Assembling app: /home/serkanaksut/git/abapbuildcld/integration-tests/target/surefire-fork/1/arquillian-tomee-working-dir/0/0c5a039d-8d7f-45a8-9bb1-9d4fa97fe5d0
Sep 02, 2021 6:09:53 PM org.apache.openejb.cdi.CdiBuilder initSingleton
INFO: Existing thread singleton service in SystemInstance(): org.apache.openejb.cdi.ThreadSingletonServiceImpl@4c1d59cd
Sep 02, 2021 6:09:53 PM org.apache.openejb.cdi.OpenEJBLifecycle startApplication
INFO: OpenWebBeans Container is starting...
Sep 02, 2021 6:09:53 PM org.apache.webbeans.plugins.PluginLoader startUp
INFO: Adding OpenWebBeansPlugin : [CdiPlugin]
Sep 02, 2021 6:09:53 PM org.apache.webbeans.config.BeansDeployer validateInjectionPoints
INFO: All injection points were validated successfully.
Sep 02, 2021 6:09:53 PM org.apache.openejb.cdi.OpenEJBLifecycle startApplication
INFO: OpenWebBeans Container has started, it took 238 ms.
Sep 02, 2021 6:09:53 PM org.apache.openejb.assembler.classic.Assembler createApplication
INFO: Deployed Application(path=/home/serkanaksut/git/abapbuildcld/integration-tests/target/surefire-fork/1/arquillian-tomee-working-dir/0/0c5a039d-8d7f-45a8-9bb1-9d4fa97fe5d0)
Sep 02, 2021 6:09:53 PM org.apache.jasper.servlet.TldScanner scanJars
INFO: At least one JAR was scanned for TLDs yet contained no TLDs. Enable debug logging for this logger for a complete list of JARs that were scanned but no TLDs were found in them. Skipping unneeded JARs during scanning can improve startup time and JSP compilation time.
[http-nio-41083-exec-1] WARN com.sap.cloud.sdk.cloudplatform.security.DefaultAuthTokenFacade - Could not find any XSUAA service bindings.
[http-nio-41083-exec-1] INFO com.zorlu.cloud.sdk.abap.HelloWorldServlet - I am running!
]]></system-err>
  </testcase>
</testsuite>