<?xml version="1.0" encoding="UTF-8"?>
<testsuite xmlns:xsi="http://www.w3.org/2001/XMLSchema-instance" xsi:noNamespaceSchemaLocation="https://maven.apache.org/surefire/maven-surefire-plugin/xsd/surefire-test-report-3.0.xsd" version="3.0" name="com.zorlu.cloud.sdk.abap.UnitTest" time="0.111" tests="1" errors="0" skipped="0" failures="0">
  <properties>
    <property name="sun.desktop" value="gnome"/>
    <property name="awt.toolkit" value="sun.awt.X11.XToolkit"/>
    <property name="java.specification.version" value="11"/>
    <property name="sun.cpu.isalist" value=""/>
    <property name="sun.jnu.encoding" value="UTF-8"/>
    <property name="java.class.path" value="/home/serkanaksut/git/abapbuildcld/application/target/test-classes:/home/serkanaksut/git/abapbuildcld/application/target/classes:/home/serkanaksut/.m2/repository/com/sap/cloud/sdk/cloudplatform/scp-cf/3.35.0/scp-cf-3.35.0.jar:/home/serkanaksut/.m2/repository/com/sap/cloud/sdk/cloudplatform/auditlog-scp-cf/3.35.0/auditlog-scp-cf-3.35.0.jar:/home/serkanaksut/.m2/repository/com/sap/cloud/sdk/cloudplatform/caching/3.35.0/caching-3.35.0.jar:/home/serkanaksut/.m2/repository/com/github/ben-manes/caffeine/caffeine/2.8.6/caffeine-2.8.6.jar:/home/serkanaksut/.m2/repository/com/sap/cloud/sdk/cloudplatform/cloudplatform-core-scp-cf/3.35.0/cloudplatform-core-scp-cf-3.35.0.jar:/home/serkanaksut/.m2/repository/com/google/code/gson/gson/2.8.6/gson-2.8.6.jar:/home/serkanaksut/.m2/repository/com/auth0/java-jwt/3.11.0/java-jwt-3.11.0.jar:/home/serkanaksut/.m2/repository/commons-codec/commons-codec/1.15/commons-codec-1.15.jar:/home/serkanaksut/.m2/repository/com/sap/cloud/sdk/cloudplatform/cloudplatform-connectivity-scp-cf/3.35.0/cloudplatform-connectivity-scp-cf-3.35.0.jar:/home/serkanaksut/.m2/repository/com/sap/cloud/sdk/cloudplatform/cloudplatform-connectivity-scp/3.35.0/cloudplatform-connectivity-scp-3.35.0.jar:/home/serkanaksut/.m2/repository/com/sap/cloud/sdk/cloudplatform/resilience/3.35.0/resilience-3.35.0.jar:/home/serkanaksut/.m2/repository/com/sap/cloud/sdk/frameworks/resilience4j/3.35.0/resilience4j-3.35.0.jar:/home/serkanaksut/.m2/repository/io/github/resilience4j/resilience4j-circuitbreaker/1.6.1/resilience4j-circuitbreaker-1.6.1.jar:/home/serkanaksut/.m2/repository/io/github/resilience4j/resilience4j-core/1.6.1/resilience4j-core-1.6.1.jar:/home/serkanaksut/.m2/repository/io/github/resilience4j/resilience4j-bulkhead/1.6.1/resilience4j-bulkhead-1.6.1.jar:/home/serkanaksut/.m2/repository/io/github/resilience4j/resilience4j-timelimiter/1.6.1/resilience4j-timelimiter-1.6.1.jar:/home/serkanaksut/.m2/repository/io/github/resilience4j/resilience4j-cache/1.6.1/resilience4j-cache-1.6.1.jar:/home/serkanaksut/.m2/repository/javax/cache/cache-api/1.1.1/cache-api-1.1.1.jar:/home/serkanaksut/.m2/repository/io/github/resilience4j/resilience4j-retry/1.6.1/resilience4j-retry-1.6.1.jar:/home/serkanaksut/.m2/repository/com/sap/cloud/security/xsuaa/token-client/2.8.0/token-client-2.8.0.jar:/home/serkanaksut/.m2/repository/com/sap/cloud/security/xsuaa/api/2.8.0/api-2.8.0.jar:/home/serkanaksut/.m2/repository/commons-io/commons-io/2.8.0/commons-io-2.8.0.jar:/home/serkanaksut/.m2/repository/org/apache/httpcomponents/httpclient/4.5.13/httpclient-4.5.13.jar:/home/serkanaksut/.m2/repository/org/apache/commons/commons-lang3/3.11/commons-lang3-3.11.jar:/home/serkanaksut/.m2/repository/com/sap/cloud/sdk/cloudplatform/security-scp-cf/3.35.0/security-scp-cf-3.35.0.jar:/home/serkanaksut/.m2/repository/com/sap/cloud/security/java-security/2.8.0/java-security-2.8.0.jar:/home/serkanaksut/.m2/repository/com/sap/cloud/security/java-api/2.8.0/java-api-2.8.0.jar:/home/serkanaksut/.m2/repository/com/sap/cloud/sdk/cloudplatform/servlet/3.35.0/servlet-3.35.0.jar:/home/serkanaksut/.m2/repository/com/sap/cloud/sdk/cloudplatform/tenant-scp-cf/3.35.0/tenant-scp-cf-3.35.0.jar:/home/serkanaksut/.m2/repository/com/sap/cloud/sdk/cloudplatform/metering/3.35.0/metering-3.35.0.jar:/home/serkanaksut/.m2/repository/com/sap/cloud/sdk/s4hana/s4hana-all/3.35.0/s4hana-all-3.35.0.jar:/home/serkanaksut/.m2/repository/com/sap/cloud/sdk/s4hana/s4hana-core/3.35.0/s4hana-core-3.35.0.jar:/home/serkanaksut/.m2/repository/com/sap/cloud/sdk/datamodel/fluent-result/3.35.0/fluent-result-3.35.0.jar:/home/serkanaksut/.m2/repository/com/sap/cloud/sdk/s4hana/s4hana-connectivity/3.35.0/s4hana-connectivity-3.35.0.jar:/home/serkanaksut/.m2/repository/com/sap/cloud/sdk/datamodel/odata-core/3.35.0/odata-core-3.35.0.jar:/home/serkanaksut/.m2/repository/com/sap/cloud/sdk/datamodel/odata-client/3.35.0/odata-client-3.35.0.jar:/home/serkanaksut/.m2/repository/com/sap/cloud/servicesdk/odata-v2-lib/1.40.11/odata-v2-lib-1.40.11.jar:/home/serkanaksut/.m2/repository/com/sap/cloud/servicesdk/developer_license/1.40.11/developer_license-1.40.11.jar:/home/serkanaksut/.m2/repository/org/jsoup/jsoup/1.13.1/jsoup-1.13.1.jar:/home/serkanaksut/.m2/repository/org/apache/commons/commons-text/1.9/commons-text-1.9.jar:/home/serkanaksut/.m2/repository/com/fasterxml/jackson/core/jackson-core/2.11.3/jackson-core-2.11.3.jar:/home/serkanaksut/.m2/repository/joda-time/joda-time/2.10.8/joda-time-2.10.8.jar:/home/serkanaksut/.m2/repository/com/sap/cloud/sdk/s4hana/s4hana-api-odata/3.35.0/s4hana-api-odata-3.35.0.jar:/home/serkanaksut/.m2/repository/com/sap/cloud/sdk/datamodel/soap/3.35.0/soap-3.35.0.jar:/home/serkanaksut/.m2/repository/org/apache/axis2/axis2-adb/1.7.9/axis2-adb-1.7.9.jar:/home/serkanaksut/.m2/repository/org/apache/ws/commons/axiom/axiom-dom/1.2.21/axiom-dom-1.2.21.jar:/home/serkanaksut/.m2/repository/org/codehaus/woodstox/woodstox-core-asl/4.2.0/woodstox-core-asl-4.2.0.jar:/home/serkanaksut/.m2/repository/org/codehaus/woodstox/stax2-api/3.1.1/stax2-api-3.1.1.jar:/home/serkanaksut/.m2/repository/org/apache/axis2/axis2-transport-http/1.7.9/axis2-transport-http-1.7.9.jar:/home/serkanaksut/.m2/repository/org/apache/axis2/axis2-kernel/1.7.9/axis2-kernel-1.7.9.jar:/home/serkanaksut/.m2/repository/org/apache/ws/commons/axiom/axiom-api/1.2.21/axiom-api-1.2.21.jar:/home/serkanaksut/.m2/repository/org/apache/geronimo/specs/geronimo-activation_1.1_spec/1.1/geronimo-activation_1.1_spec-1.1.jar:/home/serkanaksut/.m2/repository/jaxen/jaxen/1.1.6/jaxen-1.1.6.jar:/home/serkanaksut/.m2/repository/org/apache/geronimo/specs/geronimo-stax-api_1.0_spec/1.0.1/geronimo-stax-api_1.0_spec-1.0.1.jar:/home/serkanaksut/.m2/repository/org/apache/james/apache-mime4j-core/0.7.2/apache-mime4j-core-0.7.2.jar:/home/serkanaksut/.m2/repository/org/apache/ws/commons/axiom/axiom-impl/1.2.21/axiom-impl-1.2.21.jar:/home/serkanaksut/.m2/repository/org/apache/geronimo/specs/geronimo-ws-metadata_2.0_spec/1.1.2/geronimo-ws-metadata_2.0_spec-1.1.2.jar:/home/serkanaksut/.m2/repository/org/apache/geronimo/specs/geronimo-jta_1.1_spec/1.1/geronimo-jta_1.1_spec-1.1.jar:/home/serkanaksut/.m2/repository/wsdl4j/wsdl4j/1.6.2/wsdl4j-1.6.2.jar:/home/serkanaksut/.m2/repository/org/apache/ws/xmlschema/xmlschema-core/2.2.1/xmlschema-core-2.2.1.jar:/home/serkanaksut/.m2/repository/org/apache/neethi/neethi/3.0.3/neethi-3.0.3.jar:/home/serkanaksut/.m2/repository/org/apache/woden/woden-core/1.0M10/woden-core-1.0M10.jar:/home/serkanaksut/.m2/repository/org/apache/axis2/axis2-transport-local/1.7.9/axis2-transport-local-1.7.9.jar:/home/serkanaksut/.m2/repository/com/sap/cloud/sdk/s4hana/rfc/3.35.0/rfc-3.35.0.jar:/home/serkanaksut/.m2/repository/com/sap/cloud/sdk/quality/common/3.35.0/common-3.35.0.jar:/home/serkanaksut/.m2/repository/org/apache/commons/commons-csv/1.8/commons-csv-1.8.jar:/home/serkanaksut/.m2/repository/org/json/json/20201115/json-20201115.jar:/home/serkanaksut/.m2/repository/com/sap/cloud/servicesdk/odatav2-connectivity-sdk3/1.40.11/odatav2-connectivity-sdk3-1.40.11.jar:/home/serkanaksut/.m2/repository/com/sap/cloud/servicesdk/jacksonutil-sdk3/1.40.11/jacksonutil-sdk3-1.40.11.jar:/home/serkanaksut/.m2/repository/com/sap/cloud/servicesdk/prov/api/1.40.11/api-1.40.11.jar:/home/serkanaksut/.m2/repository/javax/transaction/javax.transaction-api/1.2/javax.transaction-api-1.2.jar:/home/serkanaksut/.m2/repository/commons-beanutils/commons-beanutils/1.9.4/commons-beanutils-1.9.4.jar:/home/serkanaksut/.m2/repository/commons-collections/commons-collections/3.2.2/commons-collections-3.2.2.jar:/home/serkanaksut/.m2/repository/com/sap/cds/cds4j-api/1.13.1/cds4j-api-1.13.1.jar:/home/serkanaksut/.m2/repository/com/sap/cloud/sdk/cloudplatform/security-servlet/3.35.0/security-servlet-3.35.0.jar:/home/serkanaksut/.m2/repository/com/google/code/findbugs/jsr305/3.0.2/jsr305-3.0.2.jar:/home/serkanaksut/.m2/repository/com/google/guava/guava/30.0-jre/guava-30.0-jre.jar:/home/serkanaksut/.m2/repository/com/google/guava/failureaccess/1.0.1/failureaccess-1.0.1.jar:/home/serkanaksut/.m2/repository/com/google/guava/listenablefuture/9999.0-empty-to-avoid-conflict-with-guava/listenablefuture-9999.0-empty-to-avoid-conflict-with-guava.jar:/home/serkanaksut/.m2/repository/com/google/j2objc/j2objc-annotations/1.3/j2objc-annotations-1.3.jar:/home/serkanaksut/.m2/repository/org/apache/httpcomponents/httpcore/4.4.14/httpcore-4.4.14.jar:/home/serkanaksut/.m2/repository/com/google/errorprone/error_prone_annotations/2.4.0/error_prone_annotations-2.4.0.jar:/home/serkanaksut/.m2/repository/org/slf4j/slf4j-api/1.7.30/slf4j-api-1.7.30.jar:/home/serkanaksut/.m2/repository/org/slf4j/jcl-over-slf4j/1.7.30/jcl-over-slf4j-1.7.30.jar:/home/serkanaksut/.m2/repository/ch/qos/logback/logback-classic/1.2.3/logback-classic-1.2.3.jar:/home/serkanaksut/.m2/repository/ch/qos/logback/logback-core/1.2.3/logback-core-1.2.3.jar:/home/serkanaksut/.m2/repository/javax/inject/javax.inject/1/javax.inject-1.jar:/home/serkanaksut/.m2/repository/javax/servlet/javax.servlet-api/4.0.1/javax.servlet-api-4.0.1.jar:/home/serkanaksut/.m2/repository/com/sap/cloud/sdk/testutil/testutil-core/3.35.0/testutil-core-3.35.0.jar:/home/serkanaksut/.m2/repository/com/sap/cloud/sdk/cloudplatform/auditlog/3.35.0/auditlog-3.35.0.jar:/home/serkanaksut/.m2/repository/com/sap/cloud/sdk/cloudplatform/cloudplatform-core/3.35.0/cloudplatform-core-3.35.0.jar:/home/serkanaksut/.m2/repository/com/sap/cloud/sdk/cloudplatform/cloudplatform-connectivity/3.35.0/cloudplatform-connectivity-3.35.0.jar:/home/serkanaksut/.m2/repository/com/sap/cloud/sdk/cloudplatform/security/3.35.0/security-3.35.0.jar:/home/serkanaksut/.m2/repository/com/sap/cloud/sdk/cloudplatform/tenant/3.35.0/tenant-3.35.0.jar:/home/serkanaksut/.m2/repository/com/sap/cloud/sdk/testutil/testutil-resources/3.35.0/testutil-resources-3.35.0.jar:/home/serkanaksut/.m2/repository/io/vavr/vavr/0.10.3/vavr-0.10.3.jar:/home/serkanaksut/.m2/repository/io/vavr/vavr-match/0.10.3/vavr-match-0.10.3.jar:/home/serkanaksut/.m2/repository/com/fasterxml/jackson/core/jackson-annotations/2.11.3/jackson-annotations-2.11.3.jar:/home/serkanaksut/.m2/repository/com/fasterxml/jackson/core/jackson-databind/2.11.3/jackson-databind-2.11.3.jar:/home/serkanaksut/.m2/repository/com/fasterxml/jackson/dataformat/jackson-dataformat-yaml/2.11.3/jackson-dataformat-yaml-2.11.3.jar:/home/serkanaksut/.m2/repository/org/yaml/snakeyaml/1.26/snakeyaml-1.26.jar:/home/serkanaksut/.m2/repository/com/mikesamuel/json-sanitizer/1.2.1/json-sanitizer-1.2.1.jar:/home/serkanaksut/.m2/repository/org/assertj/assertj-core/3.18.1/assertj-core-3.18.1.jar:/home/serkanaksut/.m2/repository/org/mockito/mockito-core/3.6.28/mockito-core-3.6.28.jar:/home/serkanaksut/.m2/repository/net/bytebuddy/byte-buddy/1.10.18/byte-buddy-1.10.18.jar:/home/serkanaksut/.m2/repository/net/bytebuddy/byte-buddy-agent/1.10.18/byte-buddy-agent-1.10.18.jar:/home/serkanaksut/.m2/repository/org/objenesis/objenesis/3.1/objenesis-3.1.jar:/home/serkanaksut/.m2/repository/com/github/tomakehurst/wiremock/2.27.2/wiremock-2.27.2.jar:/home/serkanaksut/.m2/repository/org/eclipse/jetty/jetty-server/9.4.35.v20201120/jetty-server-9.4.35.v20201120.jar:/home/serkanaksut/.m2/repository/org/eclipse/jetty/jetty-http/9.4.35.v20201120/jetty-http-9.4.35.v20201120.jar:/home/serkanaksut/.m2/repository/org/eclipse/jetty/jetty-io/9.4.35.v20201120/jetty-io-9.4.35.v20201120.jar:/home/serkanaksut/.m2/repository/org/eclipse/jetty/jetty-servlet/9.4.35.v20201120/jetty-servlet-9.4.35.v20201120.jar:/home/serkanaksut/.m2/repository/org/eclipse/jetty/jetty-security/9.4.35.v20201120/jetty-security-9.4.35.v20201120.jar:/home/serkanaksut/.m2/repository/org/eclipse/jetty/jetty-util-ajax/9.4.35.v20201120/jetty-util-ajax-9.4.35.v20201120.jar:/home/serkanaksut/.m2/repository/org/eclipse/jetty/jetty-servlets/9.4.35.v20201120/jetty-servlets-9.4.35.v20201120.jar:/home/serkanaksut/.m2/repository/org/eclipse/jetty/jetty-continuation/9.4.35.v20201120/jetty-continuation-9.4.35.v20201120.jar:/home/serkanaksut/.m2/repository/org/eclipse/jetty/jetty-util/9.4.35.v20201120/jetty-util-9.4.35.v20201120.jar:/home/serkanaksut/.m2/repository/org/eclipse/jetty/jetty-webapp/9.4.35.v20201120/jetty-webapp-9.4.35.v20201120.jar:/home/serkanaksut/.m2/repository/org/eclipse/jetty/jetty-xml/9.4.35.v20201120/jetty-xml-9.4.35.v20201120.jar:/home/serkanaksut/.m2/repository/org/eclipse/jetty/jetty-proxy/9.4.35.v20201120/jetty-proxy-9.4.35.v20201120.jar:/home/serkanaksut/.m2/repository/org/eclipse/jetty/jetty-client/9.4.35.v20201120/jetty-client-9.4.35.v20201120.jar:/home/serkanaksut/.m2/repository/org/xmlunit/xmlunit-core/2.7.0/xmlunit-core-2.7.0.jar:/home/serkanaksut/.m2/repository/javax/xml/bind/jaxb-api/2.3.0/jaxb-api-2.3.0.jar:/home/serkanaksut/.m2/repository/org/xmlunit/xmlunit-legacy/2.7.0/xmlunit-legacy-2.7.0.jar:/home/serkanaksut/.m2/repository/org/xmlunit/xmlunit-placeholders/2.7.0/xmlunit-placeholders-2.7.0.jar:/home/serkanaksut/.m2/repository/com/jayway/jsonpath/json-path/2.4.0/json-path-2.4.0.jar:/home/serkanaksut/.m2/repository/net/minidev/json-smart/2.3/json-smart-2.3.jar:/home/serkanaksut/.m2/repository/net/minidev/accessors-smart/1.2/accessors-smart-1.2.jar:/home/serkanaksut/.m2/repository/org/ow2/asm/asm/7.0/asm-7.0.jar:/home/serkanaksut/.m2/repository/net/sf/jopt-simple/jopt-simple/5.0.3/jopt-simple-5.0.3.jar:/home/serkanaksut/.m2/repository/com/github/jknack/handlebars/4.0.7/handlebars-4.0.7.jar:/home/serkanaksut/.m2/repository/org/antlr/antlr4-runtime/4.7.1/antlr4-runtime-4.7.1.jar:/home/serkanaksut/.m2/repository/com/github/jknack/handlebars-helpers/4.0.7/handlebars-helpers-4.0.7.jar:/home/serkanaksut/.m2/repository/com/flipkart/zjsonpatch/zjsonpatch/0.4.4/zjsonpatch-0.4.4.jar:/home/serkanaksut/.m2/repository/commons-fileupload/commons-fileupload/1.4/commons-fileupload-1.4.jar:/home/serkanaksut/.m2/repository/org/slf4j/slf4j-simple/1.7.30/slf4j-simple-1.7.30.jar:/home/serkanaksut/.m2/repository/junit/junit/4.13.1/junit-4.13.1.jar:/home/serkanaksut/.m2/repository/org/hamcrest/hamcrest-core/1.3/hamcrest-core-1.3.jar:"/>
    <property name="java.vm.vendor" value="Ubuntu"/>
    <property name="sun.arch.data.model" value="64"/>
    <property name="java.vendor.url" value="https://ubuntu.com/"/>
    <property name="user.timezone" value=""/>
    <property name="java.vm.specification.version" value="11"/>
    <property name="os.name" value="Linux"/>
    <property name="sun.java.launcher" value="SUN_STANDARD"/>
    <property name="user.country" value="US"/>
    <property name="sun.boot.library.path" value="/usr/lib/jvm/java-11-openjdk-amd64/lib"/>
    <property name="sun.java.command" value="/home/serkanaksut/git/abapbuildcld/application/target/surefire/surefirebooter2678562570296707593.jar /home/serkanaksut/git/abapbuildcld/application/target/surefire 2021-09-02T18-16-48_512-jvmRun1 surefire7386156091393105894tmp surefire_014753809887607731723tmp"/>
    <property name="jdk.debug" value="release"/>
    <property name="surefire.test.class.path" value="/home/serkanaksut/git/abapbuildcld/application/target/test-classes:/home/serkanaksut/git/abapbuildcld/application/target/classes:/home/serkanaksut/.m2/repository/com/sap/cloud/sdk/cloudplatform/scp-cf/3.35.0/scp-cf-3.35.0.jar:/home/serkanaksut/.m2/repository/com/sap/cloud/sdk/cloudplatform/auditlog-scp-cf/3.35.0/auditlog-scp-cf-3.35.0.jar:/home/serkanaksut/.m2/repository/com/sap/cloud/sdk/cloudplatform/caching/3.35.0/caching-3.35.0.jar:/home/serkanaksut/.m2/repository/com/github/ben-manes/caffeine/caffeine/2.8.6/caffeine-2.8.6.jar:/home/serkanaksut/.m2/repository/com/sap/cloud/sdk/cloudplatform/cloudplatform-core-scp-cf/3.35.0/cloudplatform-core-scp-cf-3.35.0.jar:/home/serkanaksut/.m2/repository/com/google/code/gson/gson/2.8.6/gson-2.8.6.jar:/home/serkanaksut/.m2/repository/com/auth0/java-jwt/3.11.0/java-jwt-3.11.0.jar:/home/serkanaksut/.m2/repository/commons-codec/commons-codec/1.15/commons-codec-1.15.jar:/home/serkanaksut/.m2/repository/com/sap/cloud/sdk/cloudplatform/cloudplatform-connectivity-scp-cf/3.35.0/cloudplatform-connectivity-scp-cf-3.35.0.jar:/home/serkanaksut/.m2/repository/com/sap/cloud/sdk/cloudplatform/cloudplatform-connectivity-scp/3.35.0/cloudplatform-connectivity-scp-3.35.0.jar:/home/serkanaksut/.m2/repository/com/sap/cloud/sdk/cloudplatform/resilience/3.35.0/resilience-3.35.0.jar:/home/serkanaksut/.m2/repository/com/sap/cloud/sdk/frameworks/resilience4j/3.35.0/resilience4j-3.35.0.jar:/home/serkanaksut/.m2/repository/io/github/resilience4j/resilience4j-circuitbreaker/1.6.1/resilience4j-circuitbreaker-1.6.1.jar:/home/serkanaksut/.m2/repository/io/github/resilience4j/resilience4j-core/1.6.1/resilience4j-core-1.6.1.jar:/home/serkanaksut/.m2/repository/io/github/resilience4j/resilience4j-bulkhead/1.6.1/resilience4j-bulkhead-1.6.1.jar:/home/serkanaksut/.m2/repository/io/github/resilience4j/resilience4j-timelimiter/1.6.1/resilience4j-timelimiter-1.6.1.jar:/home/serkanaksut/.m2/repository/io/github/resilience4j/resilience4j-cache/1.6.1/resilience4j-cache-1.6.1.jar:/home/serkanaksut/.m2/repository/javax/cache/cache-api/1.1.1/cache-api-1.1.1.jar:/home/serkanaksut/.m2/repository/io/github/resilience4j/resilience4j-retry/1.6.1/resilience4j-retry-1.6.1.jar:/home/serkanaksut/.m2/repository/com/sap/cloud/security/xsuaa/token-client/2.8.0/token-client-2.8.0.jar:/home/serkanaksut/.m2/repository/com/sap/cloud/security/xsuaa/api/2.8.0/api-2.8.0.jar:/home/serkanaksut/.m2/repository/commons-io/commons-io/2.8.0/commons-io-2.8.0.jar:/home/serkanaksut/.m2/repository/org/apache/httpcomponents/httpclient/4.5.13/httpclient-4.5.13.jar:/home/serkanaksut/.m2/repository/org/apache/commons/commons-lang3/3.11/commons-lang3-3.11.jar:/home/serkanaksut/.m2/repository/com/sap/cloud/sdk/cloudplatform/security-scp-cf/3.35.0/security-scp-cf-3.35.0.jar:/home/serkanaksut/.m2/repository/com/sap/cloud/security/java-security/2.8.0/java-security-2.8.0.jar:/home/serkanaksut/.m2/repository/com/sap/cloud/security/java-api/2.8.0/java-api-2.8.0.jar:/home/serkanaksut/.m2/repository/com/sap/cloud/sdk/cloudplatform/servlet/3.35.0/servlet-3.35.0.jar:/home/serkanaksut/.m2/repository/com/sap/cloud/sdk/cloudplatform/tenant-scp-cf/3.35.0/tenant-scp-cf-3.35.0.jar:/home/serkanaksut/.m2/repository/com/sap/cloud/sdk/cloudplatform/metering/3.35.0/metering-3.35.0.jar:/home/serkanaksut/.m2/repository/com/sap/cloud/sdk/s4hana/s4hana-all/3.35.0/s4hana-all-3.35.0.jar:/home/serkanaksut/.m2/repository/com/sap/cloud/sdk/s4hana/s4hana-core/3.35.0/s4hana-core-3.35.0.jar:/home/serkanaksut/.m2/repository/com/sap/cloud/sdk/datamodel/fluent-result/3.35.0/fluent-result-3.35.0.jar:/home/serkanaksut/.m2/repository/com/sap/cloud/sdk/s4hana/s4hana-connectivity/3.35.0/s4hana-connectivity-3.35.0.jar:/home/serkanaksut/.m2/repository/com/sap/cloud/sdk/datamodel/odata-core/3.35.0/odata-core-3.35.0.jar:/home/serkanaksut/.m2/repository/com/sap/cloud/sdk/datamodel/odata-client/3.35.0/odata-client-3.35.0.jar:/home/serkanaksut/.m2/repository/com/sap/cloud/servicesdk/odata-v2-lib/1.40.11/odata-v2-lib-1.40.11.jar:/home/serkanaksut/.m2/repository/com/sap/cloud/servicesdk/developer_license/1.40.11/developer_license-1.40.11.jar:/home/serkanaksut/.m2/repository/org/jsoup/jsoup/1.13.1/jsoup-1.13.1.jar:/home/serkanaksut/.m2/repository/org/apache/commons/commons-text/1.9/commons-text-1.9.jar:/home/serkanaksut/.m2/repository/com/fasterxml/jackson/core/jackson-core/2.11.3/jackson-core-2.11.3.jar:/home/serkanaksut/.m2/repository/joda-time/joda-time/2.10.8/joda-time-2.10.8.jar:/home/serkanaksut/.m2/repository/com/sap/cloud/sdk/s4hana/s4hana-api-odata/3.35.0/s4hana-api-odata-3.35.0.jar:/home/serkanaksut/.m2/repository/com/sap/cloud/sdk/datamodel/soap/3.35.0/soap-3.35.0.jar:/home/serkanaksut/.m2/repository/org/apache/axis2/axis2-adb/1.7.9/axis2-adb-1.7.9.jar:/home/serkanaksut/.m2/repository/org/apache/ws/commons/axiom/axiom-dom/1.2.21/axiom-dom-1.2.21.jar:/home/serkanaksut/.m2/repository/org/codehaus/woodstox/woodstox-core-asl/4.2.0/woodstox-core-asl-4.2.0.jar:/home/serkanaksut/.m2/repository/org/codehaus/woodstox/stax2-api/3.1.1/stax2-api-3.1.1.jar:/home/serkanaksut/.m2/repository/org/apache/axis2/axis2-transport-http/1.7.9/axis2-transport-http-1.7.9.jar:/home/serkanaksut/.m2/repository/org/apache/axis2/axis2-kernel/1.7.9/axis2-kernel-1.7.9.jar:/home/serkanaksut/.m2/repository/org/apache/ws/commons/axiom/axiom-api/1.2.21/axiom-api-1.2.21.jar:/home/serkanaksut/.m2/repository/org/apache/geronimo/specs/geronimo-activation_1.1_spec/1.1/geronimo-activation_1.1_spec-1.1.jar:/home/serkanaksut/.m2/repository/jaxen/jaxen/1.1.6/jaxen-1.1.6.jar:/home/serkanaksut/.m2/repository/org/apache/geronimo/specs/geronimo-stax-api_1.0_spec/1.0.1/geronimo-stax-api_1.0_spec-1.0.1.jar:/home/serkanaksut/.m2/repository/org/apache/james/apache-mime4j-core/0.7.2/apache-mime4j-core-0.7.2.jar:/home/serkanaksut/.m2/repository/org/apache/ws/commons/axiom/axiom-impl/1.2.21/axiom-impl-1.2.21.jar:/home/serkanaksut/.m2/repository/org/apache/geronimo/specs/geronimo-ws-metadata_2.0_spec/1.1.2/geronimo-ws-metadata_2.0_spec-1.1.2.jar:/home/serkanaksut/.m2/repository/org/apache/geronimo/specs/geronimo-jta_1.1_spec/1.1/geronimo-jta_1.1_spec-1.1.jar:/home/serkanaksut/.m2/repository/wsdl4j/wsdl4j/1.6.2/wsdl4j-1.6.2.jar:/home/serkanaksut/.m2/repository/org/apache/ws/xmlschema/xmlschema-core/2.2.1/xmlschema-core-2.2.1.jar:/home/serkanaksut/.m2/repository/org/apache/neethi/neethi/3.0.3/neethi-3.0.3.jar:/home/serkanaksut/.m2/repository/org/apache/woden/woden-core/1.0M10/woden-core-1.0M10.jar:/home/serkanaksut/.m2/repository/org/apache/axis2/axis2-transport-local/1.7.9/axis2-transport-local-1.7.9.jar:/home/serkanaksut/.m2/repository/com/sap/cloud/sdk/s4hana/rfc/3.35.0/rfc-3.35.0.jar:/home/serkanaksut/.m2/repository/com/sap/cloud/sdk/quality/common/3.35.0/common-3.35.0.jar:/home/serkanaksut/.m2/repository/org/apache/commons/commons-csv/1.8/commons-csv-1.8.jar:/home/serkanaksut/.m2/repository/org/json/json/20201115/json-20201115.jar:/home/serkanaksut/.m2/repository/com/sap/cloud/servicesdk/odatav2-connectivity-sdk3/1.40.11/odatav2-connectivity-sdk3-1.40.11.jar:/home/serkanaksut/.m2/repository/com/sap/cloud/servicesdk/jacksonutil-sdk3/1.40.11/jacksonutil-sdk3-1.40.11.jar:/home/serkanaksut/.m2/repository/com/sap/cloud/servicesdk/prov/api/1.40.11/api-1.40.11.jar:/home/serkanaksut/.m2/repository/javax/transaction/javax.transaction-api/1.2/javax.transaction-api-1.2.jar:/home/serkanaksut/.m2/repository/commons-beanutils/commons-beanutils/1.9.4/commons-beanutils-1.9.4.jar:/home/serkanaksut/.m2/repository/commons-collections/commons-collections/3.2.2/commons-collections-3.2.2.jar:/home/serkanaksut/.m2/repository/com/sap/cds/cds4j-api/1.13.1/cds4j-api-1.13.1.jar:/home/serkanaksut/.m2/repository/com/sap/cloud/sdk/cloudplatform/security-servlet/3.35.0/security-servlet-3.35.0.jar:/home/serkanaksut/.m2/repository/com/google/code/findbugs/jsr305/3.0.2/jsr305-3.0.2.jar:/home/serkanaksut/.m2/repository/com/google/guava/guava/30.0-jre/guava-30.0-jre.jar:/home/serkanaksut/.m2/repository/com/google/guava/failureaccess/1.0.1/failureaccess-1.0.1.jar:/home/serkanaksut/.m2/repository/com/google/guava/listenablefuture/9999.0-empty-to-avoid-conflict-with-guava/listenablefuture-9999.0-empty-to-avoid-conflict-with-guava.jar:/home/serkanaksut/.m2/repository/com/google/j2objc/j2objc-annotations/1.3/j2objc-annotations-1.3.jar:/home/serkanaksut/.m2/repository/org/apache/httpcomponents/httpcore/4.4.14/httpcore-4.4.14.jar:/home/serkanaksut/.m2/repository/com/google/errorprone/error_prone_annotations/2.4.0/error_prone_annotations-2.4.0.jar:/home/serkanaksut/.m2/repository/org/slf4j/slf4j-api/1.7.30/slf4j-api-1.7.30.jar:/home/serkanaksut/.m2/repository/org/slf4j/jcl-over-slf4j/1.7.30/jcl-over-slf4j-1.7.30.jar:/home/serkanaksut/.m2/repository/ch/qos/logback/logback-classic/1.2.3/logback-classic-1.2.3.jar:/home/serkanaksut/.m2/repository/ch/qos/logback/logback-core/1.2.3/logback-core-1.2.3.jar:/home/serkanaksut/.m2/repository/javax/inject/javax.inject/1/javax.inject-1.jar:/home/serkanaksut/.m2/repository/javax/servlet/javax.servlet-api/4.0.1/javax.servlet-api-4.0.1.jar:/home/serkanaksut/.m2/repository/com/sap/cloud/sdk/testutil/testutil-core/3.35.0/testutil-core-3.35.0.jar:/home/serkanaksut/.m2/repository/com/sap/cloud/sdk/cloudplatform/auditlog/3.35.0/auditlog-3.35.0.jar:/home/serkanaksut/.m2/repository/com/sap/cloud/sdk/cloudplatform/cloudplatform-core/3.35.0/cloudplatform-core-3.35.0.jar:/home/serkanaksut/.m2/repository/com/sap/cloud/sdk/cloudplatform/cloudplatform-connectivity/3.35.0/cloudplatform-connectivity-3.35.0.jar:/home/serkanaksut/.m2/repository/com/sap/cloud/sdk/cloudplatform/security/3.35.0/security-3.35.0.jar:/home/serkanaksut/.m2/repository/com/sap/cloud/sdk/cloudplatform/tenant/3.35.0/tenant-3.35.0.jar:/home/serkanaksut/.m2/repository/com/sap/cloud/sdk/testutil/testutil-resources/3.35.0/testutil-resources-3.35.0.jar:/home/serkanaksut/.m2/repository/io/vavr/vavr/0.10.3/vavr-0.10.3.jar:/home/serkanaksut/.m2/repository/io/vavr/vavr-match/0.10.3/vavr-match-0.10.3.jar:/home/serkanaksut/.m2/repository/com/fasterxml/jackson/core/jackson-annotations/2.11.3/jackson-annotations-2.11.3.jar:/home/serkanaksut/.m2/repository/com/fasterxml/jackson/core/jackson-databind/2.11.3/jackson-databind-2.11.3.jar:/home/serkanaksut/.m2/repository/com/fasterxml/jackson/dataformat/jackson-dataformat-yaml/2.11.3/jackson-dataformat-yaml-2.11.3.jar:/home/serkanaksut/.m2/repository/org/yaml/snakeyaml/1.26/snakeyaml-1.26.jar:/home/serkanaksut/.m2/repository/com/mikesamuel/json-sanitizer/1.2.1/json-sanitizer-1.2.1.jar:/home/serkanaksut/.m2/repository/org/assertj/assertj-core/3.18.1/assertj-core-3.18.1.jar:/home/serkanaksut/.m2/repository/org/mockito/mockito-core/3.6.28/mockito-core-3.6.28.jar:/home/serkanaksut/.m2/repository/net/bytebuddy/byte-buddy/1.10.18/byte-buddy-1.10.18.jar:/home/serkanaksut/.m2/repository/net/bytebuddy/byte-buddy-agent/1.10.18/byte-buddy-agent-1.10.18.jar:/home/serkanaksut/.m2/repository/org/objenesis/objenesis/3.1/objenesis-3.1.jar:/home/serkanaksut/.m2/repository/com/github/tomakehurst/wiremock/2.27.2/wiremock-2.27.2.jar:/home/serkanaksut/.m2/repository/org/eclipse/jetty/jetty-server/9.4.35.v20201120/jetty-server-9.4.35.v20201120.jar:/home/serkanaksut/.m2/repository/org/eclipse/jetty/jetty-http/9.4.35.v20201120/jetty-http-9.4.35.v20201120.jar:/home/serkanaksut/.m2/repository/org/eclipse/jetty/jetty-io/9.4.35.v20201120/jetty-io-9.4.35.v20201120.jar:/home/serkanaksut/.m2/repository/org/eclipse/jetty/jetty-servlet/9.4.35.v20201120/jetty-servlet-9.4.35.v20201120.jar:/home/serkanaksut/.m2/repository/org/eclipse/jetty/jetty-security/9.4.35.v20201120/jetty-security-9.4.35.v20201120.jar:/home/serkanaksut/.m2/repository/org/eclipse/jetty/jetty-util-ajax/9.4.35.v20201120/jetty-util-ajax-9.4.35.v20201120.jar:/home/serkanaksut/.m2/repository/org/eclipse/jetty/jetty-servlets/9.4.35.v20201120/jetty-servlets-9.4.35.v20201120.jar:/home/serkanaksut/.m2/repository/org/eclipse/jetty/jetty-continuation/9.4.35.v20201120/jetty-continuation-9.4.35.v20201120.jar:/home/serkanaksut/.m2/repository/org/eclipse/jetty/jetty-util/9.4.35.v20201120/jetty-util-9.4.35.v20201120.jar:/home/serkanaksut/.m2/repository/org/eclipse/jetty/jetty-webapp/9.4.35.v20201120/jetty-webapp-9.4.35.v20201120.jar:/home/serkanaksut/.m2/repository/org/eclipse/jetty/jetty-xml/9.4.35.v20201120/jetty-xml-9.4.35.v20201120.jar:/home/serkanaksut/.m2/repository/org/eclipse/jetty/jetty-proxy/9.4.35.v20201120/jetty-proxy-9.4.35.v20201120.jar:/home/serkanaksut/.m2/repository/org/eclipse/jetty/jetty-client/9.4.35.v20201120/jetty-client-9.4.35.v20201120.jar:/home/serkanaksut/.m2/repository/org/xmlunit/xmlunit-core/2.7.0/xmlunit-core-2.7.0.jar:/home/serkanaksut/.m2/repository/javax/xml/bind/jaxb-api/2.3.0/jaxb-api-2.3.0.jar:/home/serkanaksut/.m2/repository/org/xmlunit/xmlunit-legacy/2.7.0/xmlunit-legacy-2.7.0.jar:/home/serkanaksut/.m2/repository/org/xmlunit/xmlunit-placeholders/2.7.0/xmlunit-placeholders-2.7.0.jar:/home/serkanaksut/.m2/repository/com/jayway/jsonpath/json-path/2.4.0/json-path-2.4.0.jar:/home/serkanaksut/.m2/repository/net/minidev/json-smart/2.3/json-smart-2.3.jar:/home/serkanaksut/.m2/repository/net/minidev/accessors-smart/1.2/accessors-smart-1.2.jar:/home/serkanaksut/.m2/repository/org/ow2/asm/asm/7.0/asm-7.0.jar:/home/serkanaksut/.m2/repository/net/sf/jopt-simple/jopt-simple/5.0.3/jopt-simple-5.0.3.jar:/home/serkanaksut/.m2/repository/com/github/jknack/handlebars/4.0.7/handlebars-4.0.7.jar:/home/serkanaksut/.m2/repository/org/antlr/antlr4-runtime/4.7.1/antlr4-runtime-4.7.1.jar:/home/serkanaksut/.m2/repository/com/github/jknack/handlebars-helpers/4.0.7/handlebars-helpers-4.0.7.jar:/home/serkanaksut/.m2/repository/com/flipkart/zjsonpatch/zjsonpatch/0.4.4/zjsonpatch-0.4.4.jar:/home/serkanaksut/.m2/repository/commons-fileupload/commons-fileupload/1.4/commons-fileupload-1.4.jar:/home/serkanaksut/.m2/repository/org/slf4j/slf4j-simple/1.7.30/slf4j-simple-1.7.30.jar:/home/serkanaksut/.m2/repository/junit/junit/4.13.1/junit-4.13.1.jar:/home/serkanaksut/.m2/repository/org/hamcrest/hamcrest-core/1.3/hamcrest-core-1.3.jar:"/>
    <property name="sun.cpu.endian" value="little"/>
    <property name="user.home" value="/home/serkanaksut"/>
    <property name="user.language" value="en"/>
    <property name="java.specification.vendor" value="Oracle Corporation"/>
    <property name="java.version.date" value="2021-04-20"/>
    <property name="java.home" value="/usr/lib/jvm/java-11-openjdk-amd64"/>
    <property name="file.separator" value="/"/>
    <property name="basedir" value="/home/serkanaksut/git/abapbuildcld/application"/>
    <property name="java.vm.compressedOopsMode" value="32-bit"/>
    <property name="line.separator" value="&#10;"/>
    <property name="java.specification.name" value="Java Platform API Specification"/>
    <property name="java.vm.specification.vendor" value="Oracle Corporation"/>
    <property name="java.awt.graphicsenv" value="sun.awt.X11GraphicsEnvironment"/>
    <property name="surefire.real.class.path" value="/home/serkanaksut/git/abapbuildcld/application/target/surefire/surefirebooter2678562570296707593.jar"/>
    <property name="sun.management.compiler" value="HotSpot 64-Bit Tiered Compilers"/>
    <property name="java.runtime.version" value="11.0.11+9-Ubuntu-0ubuntu2.20.04"/>
    <property name="user.name" value="serkanaksut"/>
    <property name="path.separator" value=":"/>
    <property name="os.version" value="5.10.0-1038-oem"/>
    <property name="java.runtime.name" value="OpenJDK Runtime Environment"/>
    <property name="file.encoding" value="UTF-8"/>
    <property name="java.vm.name" value="OpenJDK 64-Bit Server VM"/>
    <property name="localRepository" value="/home/serkanaksut/.m2/repository"/>
    <property name="java.vendor.url.bug" value="https://bugs.launchpad.net/ubuntu/+source/openjdk-lts"/>
    <property name="java.io.tmpdir" value="/tmp"/>
    <property name="java.version" value="11.0.11"/>
    <property name="user.dir" value="/home/serkanaksut/git/abapbuildcld/application"/>
    <property name="os.arch" value="amd64"/>
    <property name="surefire.forkDir" value="/home/serkanaksut/git/abapbuildcld/application/target/surefire-fork/1/"/>
    <property name="java.vm.specification.name" value="Java Virtual Machine Specification"/>
    <property name="java.awt.printerjob" value="sun.print.PSPrinterJob"/>
    <property name="sun.os.patch.level" value="unknown"/>
    <property name="org.slf4j.simpleLogger.defaultLogLevel" value="info"/>
    <property name="java.library.path" value="/usr/java/packages/lib:/usr/lib/x86_64-linux-gnu/jni:/lib/x86_64-linux-gnu:/usr/lib/x86_64-linux-gnu:/usr/lib/jni:/lib:/usr/lib"/>
    <property name="java.vm.info" value="mixed mode, sharing"/>
    <property name="java.vendor" value="Ubuntu"/>
    <property name="java.vm.version" value="11.0.11+9-Ubuntu-0ubuntu2.20.04"/>
    <property name="sun.io.unicode.encoding" value="UnicodeLittle"/>
    <property name="java.class.version" value="55.0"/>
  </properties>
  <testcase name="test" classname="com.zorlu.cloud.sdk.abap.UnitTest" time="0.004"/>
</testsuite>